<?xml version="1.0" ?>
<coverage version="7.3.2" timestamp="1698875502405" lines-valid="2381" lines-covered="809" line-rate="0.3398" branches-valid="1002" branches-covered="86" branch-rate="0.08583" complexity="0">
	<!-- Generated by coverage.py: https://coverage.readthedocs.io/en/7.3.2 -->
	<!-- Based on https://raw.githubusercontent.com/cobertura/web/master/htdocs/xml/coverage-04.dtd -->
	<sources>
		<source></source>
	</sources>
	<packages>
		<package name=".mnt.extra-addons.main" line-rate="1" branch-rate="1" complexity="0">
			<classes>
				<class name="__init__.py" filename="/mnt/extra-addons/main/__init__.py" complexity="0" line-rate="1" branch-rate="1">
					<methods/>
					<lines/>
				</class>
			</classes>
		</package>
		<package name=".mnt.extra-addons.mrp_production_split" line-rate="1" branch-rate="1" complexity="0">
			<classes>
				<class name="__init__.py" filename="/mnt/extra-addons/mrp_production_split/__init__.py" complexity="0" line-rate="1" branch-rate="1">
					<methods/>
					<lines>
						<line number="1" hits="1"/>
						<line number="2" hits="1"/>
					</lines>
				</class>
			</classes>
		</package>
		<package name=".mnt.extra-addons.mrp_production_split.models" line-rate="0.7532" branch-rate="0.5811" complexity="0">
			<classes>
				<class name="__init__.py" filename="/mnt/extra-addons/mrp_production_split/models/__init__.py" complexity="0" line-rate="1" branch-rate="1">
					<methods/>
					<lines>
						<line number="1" hits="1"/>
						<line number="2" hits="1"/>
					</lines>
				</class>
				<class name="mrp_production.py" filename="/mnt/extra-addons/mrp_production_split/models/mrp_production.py" complexity="0" line-rate="0.7397" branch-rate="0.5694">
					<methods/>
					<lines>
						<line number="5" hits="1"/>
						<line number="6" hits="1"/>
						<line number="7" hits="1"/>
						<line number="8" hits="1"/>
						<line number="9" hits="1"/>
						<line number="12" hits="1"/>
						<line number="13" hits="1"/>
						<line number="15" hits="1"/>
						<line number="18" hits="1"/>
						<line number="19" hits="1"/>
						<line number="20" hits="1"/>
						<line number="21" hits="1"/>
						<line number="23" hits="1"/>
						<line number="24" hits="1"/>
						<line number="25" hits="1"/>
						<line number="26" hits="1" branch="true" condition-coverage="100% (2/2)"/>
						<line number="27" hits="1"/>
						<line number="33" hits="1"/>
						<line number="36" hits="1"/>
						<line number="37" hits="1"/>
						<line number="39" hits="1"/>
						<line number="49" hits="1"/>
						<line number="50" hits="1"/>
						<line number="52" hits="1" branch="true" condition-coverage="50% (1/2)" missing-branches="53"/>
						<line number="53" hits="0"/>
						<line number="54" hits="1" branch="true" condition-coverage="100% (2/2)"/>
						<line number="55" hits="1"/>
						<line number="56" hits="1" branch="true" condition-coverage="50% (1/2)" missing-branches="57"/>
						<line number="57" hits="0"/>
						<line number="58" hits="0"/>
						<line number="59" hits="1"/>
						<line number="60" hits="1"/>
						<line number="62" hits="1" branch="true" condition-coverage="50% (1/2)" missing-branches="63"/>
						<line number="63" hits="0"/>
						<line number="65" hits="1" branch="true" condition-coverage="50% (1/2)" missing-branches="66"/>
						<line number="66" hits="0"/>
						<line number="69" hits="1"/>
						<line number="70" hits="1"/>
						<line number="73" hits="1" branch="true" condition-coverage="100% (2/2)"/>
						<line number="74" hits="1"/>
						<line number="75" hits="1" branch="true" condition-coverage="50% (1/2)" missing-branches="77"/>
						<line number="76" hits="1"/>
						<line number="77" hits="1"/>
						<line number="79" hits="1"/>
						<line number="80" hits="1"/>
						<line number="82" hits="1"/>
						<line number="84" hits="1"/>
						<line number="87" hits="1" branch="true" condition-coverage="100% (2/2)"/>
						<line number="88" hits="1"/>
						<line number="89" hits="1"/>
						<line number="98" hits="1"/>
						<line number="101" hits="1"/>
						<line number="102" hits="1"/>
						<line number="103" hits="1"/>
						<line number="104" hits="1" branch="true" condition-coverage="100% (2/2)"/>
						<line number="105" hits="1"/>
						<line number="107" hits="1"/>
						<line number="109" hits="1"/>
						<line number="110" hits="1"/>
						<line number="111" hits="1" branch="true" condition-coverage="100% (2/2)"/>
						<line number="112" hits="1"/>
						<line number="113" hits="1"/>
						<line number="116" hits="1"/>
						<line number="117" hits="1"/>
						<line number="118" hits="1" branch="true" condition-coverage="100% (2/2)"/>
						<line number="119" hits="1" branch="true" condition-coverage="100% (2/2)"/>
						<line number="120" hits="1" branch="true" condition-coverage="50% (1/2)" missing-branches="121"/>
						<line number="121" hits="0"/>
						<line number="122" hits="1"/>
						<line number="124" hits="1"/>
						<line number="126" hits="1"/>
						<line number="129" hits="1" branch="true" condition-coverage="100% (2/2)"/>
						<line number="130" hits="1"/>
						<line number="134" hits="1" branch="true" condition-coverage="100% (2/2)"/>
						<line number="135" hits="1"/>
						<line number="137" hits="1"/>
						<line number="138" hits="1"/>
						<line number="139" hits="1"/>
						<line number="141" hits="1"/>
						<line number="149" hits="1" branch="true" condition-coverage="100% (2/2)"/>
						<line number="150" hits="1" branch="true" condition-coverage="100% (2/2)"/>
						<line number="151" hits="1"/>
						<line number="153" hits="1"/>
						<line number="154" hits="1"/>
						<line number="155" hits="1"/>
						<line number="156" hits="1"/>
						<line number="158" hits="1" branch="true" condition-coverage="100% (2/2)"/>
						<line number="159" hits="1"/>
						<line number="160" hits="1"/>
						<line number="161" hits="1" branch="true" condition-coverage="50% (1/2)" missing-branches="162"/>
						<line number="162" hits="0"/>
						<line number="164" hits="0" branch="true" condition-coverage="0% (0/2)" missing-branches="165,166"/>
						<line number="165" hits="0"/>
						<line number="166" hits="0"/>
						<line number="169" hits="1"/>
						<line number="171" hits="1"/>
						<line number="173" hits="1"/>
						<line number="174" hits="1"/>
						<line number="175" hits="1" branch="true" condition-coverage="50% (1/2)" missing-branches="176"/>
						<line number="176" hits="0" branch="true" condition-coverage="0% (0/2)" missing-branches="178,206"/>
						<line number="178" hits="0"/>
						<line number="179" hits="0"/>
						<line number="181" hits="0" branch="true" condition-coverage="0% (0/2)" missing-branches="182,186"/>
						<line number="182" hits="0"/>
						<line number="184" hits="0" branch="true" condition-coverage="0% (0/2)" missing-branches="185,195"/>
						<line number="185" hits="0"/>
						<line number="186" hits="0" branch="true" condition-coverage="0% (0/2)" missing-branches="187,195"/>
						<line number="187" hits="0"/>
						<line number="192" hits="0" branch="true" condition-coverage="0% (0/2)" missing-branches="193,194"/>
						<line number="193" hits="0"/>
						<line number="194" hits="0"/>
						<line number="195" hits="0"/>
						<line number="196" hits="0"/>
						<line number="198" hits="0" branch="true" condition-coverage="0% (0/2)" missing-branches="176,199"/>
						<line number="199" hits="0"/>
						<line number="200" hits="0"/>
						<line number="201" hits="0"/>
						<line number="206" hits="0" branch="true" condition-coverage="0% (0/2)" missing-branches="175,207"/>
						<line number="207" hits="0"/>
						<line number="212" hits="1" branch="true" condition-coverage="50% (1/2)" missing-branches="213"/>
						<line number="213" hits="0"/>
						<line number="215" hits="1" branch="true" condition-coverage="50% (1/2)" missing-branches="exit"/>
						<line number="218" hits="1"/>
						<line number="220" hits="1"/>
						<line number="223" hits="1"/>
						<line number="225" hits="1"/>
						<line number="226" hits="1"/>
						<line number="231" hits="1" branch="true" condition-coverage="100% (2/2)"/>
						<line number="232" hits="1"/>
						<line number="233" hits="1"/>
						<line number="234" hits="1"/>
						<line number="237" hits="1" branch="true" condition-coverage="50% (1/2)" missing-branches="238"/>
						<line number="238" hits="0"/>
						<line number="242" hits="1" branch="true" condition-coverage="50% (1/2)" missing-branches="243"/>
						<line number="243" hits="0"/>
						<line number="245" hits="0"/>
						<line number="247" hits="1"/>
						<line number="248" hits="1" branch="true" condition-coverage="50% (1/2)" missing-branches="249"/>
						<line number="249" hits="0"/>
						<line number="251" hits="0" branch="true" condition-coverage="0% (0/2)" missing-branches="248,252"/>
						<line number="252" hits="0"/>
						<line number="254" hits="0"/>
						<line number="256" hits="1"/>
						<line number="257" hits="1"/>
						<line number="259" hits="1"/>
						<line number="260" hits="1"/>
					</lines>
				</class>
				<class name="stock_move.py" filename="/mnt/extra-addons/mrp_production_split/models/stock_move.py" complexity="0" line-rate="1" branch-rate="1">
					<methods/>
					<lines>
						<line number="5" hits="1"/>
						<line number="8" hits="1"/>
						<line number="9" hits="1"/>
						<line number="11" hits="1"/>
						<line number="12" hits="1"/>
						<line number="13" hits="1" branch="true" condition-coverage="100% (2/2)"/>
					</lines>
				</class>
			</classes>
		</package>
		<package name=".mnt.extra-addons.mrp_production_split.tests" line-rate="0.9619" branch-rate="0" complexity="0">
			<classes>
				<class name="__init__.py" filename="/mnt/extra-addons/mrp_production_split/tests/__init__.py" complexity="0" line-rate="1" branch-rate="1">
					<methods/>
					<lines>
						<line number="1" hits="1"/>
					</lines>
				</class>
				<class name="common.py" filename="/mnt/extra-addons/mrp_production_split/tests/common.py" complexity="0" line-rate="0.8857" branch-rate="0">
					<methods/>
					<lines>
						<line number="5" hits="1"/>
						<line number="8" hits="1"/>
						<line number="9" hits="1"/>
						<line number="10" hits="1"/>
						<line number="11" hits="1"/>
						<line number="12" hits="1"/>
						<line number="14" hits="1"/>
						<line number="20" hits="1"/>
						<line number="27" hits="1"/>
						<line number="42" hits="1"/>
						<line number="43" hits="1"/>
						<line number="52" hits="1"/>
						<line number="57" hits="1"/>
						<line number="58" hits="1"/>
						<line number="65" hits="1"/>
						<line number="66" hits="1"/>
						<line number="67" hits="1"/>
						<line number="68" hits="1"/>
						<line number="69" hits="1"/>
						<line number="70" hits="1"/>
						<line number="73" hits="1"/>
						<line number="75" hits="1"/>
						<line number="76" hits="0" branch="true" condition-coverage="0% (0/2)" missing-branches="77,78"/>
						<line number="77" hits="0"/>
						<line number="78" hits="0"/>
						<line number="79" hits="0"/>
						<line number="81" hits="1"/>
						<line number="82" hits="1"/>
						<line number="83" hits="1"/>
						<line number="84" hits="1"/>
						<line number="86" hits="1"/>
						<line number="87" hits="1"/>
						<line number="88" hits="1"/>
						<line number="89" hits="1"/>
						<line number="90" hits="1"/>
					</lines>
				</class>
				<class name="test_mrp_production_split.py" filename="/mnt/extra-addons/mrp_production_split/tests/test_mrp_production_split.py" complexity="0" line-rate="1" branch-rate="1">
					<methods/>
					<lines>
						<line number="5" hits="1"/>
						<line number="7" hits="1"/>
						<line number="9" hits="1"/>
						<line number="12" hits="1"/>
						<line number="13" hits="1"/>
						<line number="14" hits="1"/>
						<line number="15" hits="1"/>
						<line number="26" hits="1"/>
						<line number="27" hits="1"/>
						<line number="28" hits="1"/>
						<line number="29" hits="1"/>
						<line number="31" hits="1"/>
						<line number="32" hits="1"/>
						<line number="33" hits="1"/>
						<line number="34" hits="1"/>
						<line number="35" hits="1"/>
						<line number="38" hits="1"/>
						<line number="39" hits="1"/>
						<line number="40" hits="1"/>
						<line number="41" hits="1"/>
						<line number="42" hits="1"/>
						<line number="43" hits="1"/>
						<line number="44" hits="1"/>
						<line number="45" hits="1"/>
						<line number="46" hits="1"/>
						<line number="62" hits="1"/>
						<line number="63" hits="1"/>
						<line number="64" hits="1"/>
						<line number="65" hits="1"/>
						<line number="66" hits="1"/>
						<line number="68" hits="1"/>
						<line number="69" hits="1"/>
						<line number="70" hits="1"/>
						<line number="71" hits="1"/>
						<line number="72" hits="1"/>
						<line number="73" hits="1"/>
						<line number="75" hits="1"/>
						<line number="76" hits="1"/>
						<line number="77" hits="1"/>
						<line number="78" hits="1"/>
						<line number="84" hits="1"/>
						<line number="93" hits="1"/>
						<line number="94" hits="1"/>
						<line number="95" hits="1"/>
						<line number="96" hits="1"/>
						<line number="101" hits="1"/>
						<line number="111" hits="1"/>
						<line number="112" hits="1"/>
						<line number="113" hits="1"/>
						<line number="114" hits="1"/>
						<line number="119" hits="1"/>
						<line number="128" hits="1"/>
						<line number="129" hits="1"/>
						<line number="130" hits="1"/>
						<line number="131" hits="1"/>
						<line number="136" hits="1"/>
						<line number="146" hits="1"/>
						<line number="147" hits="1"/>
						<line number="148" hits="1"/>
						<line number="149" hits="1"/>
						<line number="150" hits="1"/>
						<line number="151" hits="1"/>
						<line number="152" hits="1"/>
						<line number="157" hits="1"/>
						<line number="167" hits="1"/>
						<line number="168" hits="1"/>
						<line number="169" hits="1"/>
						<line number="170" hits="1"/>
						<line number="171" hits="1"/>
					</lines>
				</class>
			</classes>
		</package>
		<package name=".mnt.extra-addons.mrp_production_split.wizards" line-rate="1" branch-rate="0.9231" complexity="0">
			<classes>
				<class name="__init__.py" filename="/mnt/extra-addons/mrp_production_split/wizards/__init__.py" complexity="0" line-rate="1" branch-rate="1">
					<methods/>
					<lines>
						<line number="1" hits="1"/>
					</lines>
				</class>
				<class name="mrp_production_split_wizard.py" filename="/mnt/extra-addons/mrp_production_split/wizards/mrp_production_split_wizard.py" complexity="0" line-rate="1" branch-rate="0.9231">
					<methods/>
					<lines>
						<line number="5" hits="1"/>
						<line number="7" hits="1"/>
						<line number="8" hits="1"/>
						<line number="11" hits="1"/>
						<line number="12" hits="1"/>
						<line number="14" hits="1"/>
						<line number="20" hits="1"/>
						<line number="29" hits="1"/>
						<line number="34" hits="1"/>
						<line number="40" hits="1"/>
						<line number="47" hits="1"/>
						<line number="48" hits="1"/>
						<line number="50" hits="1"/>
						<line number="51" hits="1"/>
						<line number="52" hits="1"/>
						<line number="53" hits="1"/>
						<line number="54" hits="1"/>
						<line number="56" hits="1" branch="true" condition-coverage="50% (1/2)" missing-branches="59"/>
						<line number="57" hits="1"/>
						<line number="59" hits="1" branch="true" condition-coverage="100% (2/2)"/>
						<line number="60" hits="1"/>
						<line number="61" hits="1" branch="true" condition-coverage="100% (2/2)"/>
						<line number="62" hits="1"/>
						<line number="64" hits="1" branch="true" condition-coverage="100% (2/2)"/>
						<line number="65" hits="1"/>
						<line number="66" hits="1"/>
						<line number="67" hits="1"/>
						<line number="69" hits="1"/>
						<line number="70" hits="1"/>
						<line number="74" hits="1"/>
						<line number="75" hits="1"/>
						<line number="76" hits="1"/>
						<line number="84" hits="1"/>
						<line number="85" hits="1"/>
						<line number="87" hits="1" branch="true" condition-coverage="100% (2/2)"/>
						<line number="89" hits="1"/>
						<line number="90" hits="1"/>
						<line number="103" hits="1"/>
						<line number="105" hits="1"/>
						<line number="106" hits="1"/>
						<line number="107" hits="1" branch="true" condition-coverage="100% (2/2)"/>
						<line number="108" hits="1" branch="true" condition-coverage="100% (2/2)"/>
						<line number="114" hits="1"/>
						<line number="115" hits="1" branch="true" condition-coverage="100% (2/2)"/>
						<line number="116" hits="1"/>
						<line number="117" hits="1"/>
						<line number="118" hits="1" branch="true" condition-coverage="100% (2/2)"/>
						<line number="119" hits="1"/>
						<line number="120" hits="1"/>
						<line number="121" hits="1"/>
						<line number="122" hits="1"/>
						<line number="123" hits="1"/>
						<line number="124" hits="1" branch="true" condition-coverage="100% (2/2)"/>
						<line number="125" hits="1"/>
						<line number="126" hits="1"/>
						<line number="127" hits="1"/>
						<line number="128" hits="1"/>
						<line number="129" hits="1"/>
						<line number="130" hits="1"/>
						<line number="131" hits="1" branch="true" condition-coverage="100% (2/2)"/>
						<line number="132" hits="1"/>
						<line number="133" hits="1"/>
						<line number="137" hits="1"/>
						<line number="138" hits="1"/>
						<line number="139" hits="1"/>
						<line number="146" hits="1"/>
						<line number="147" hits="1" branch="true" condition-coverage="100% (2/2)"/>
						<line number="148" hits="1"/>
						<line number="152" hits="1" branch="true" condition-coverage="50% (1/2)" missing-branches="157"/>
						<line number="153" hits="1"/>
						<line number="157" hits="1"/>
						<line number="159" hits="1"/>
						<line number="160" hits="1"/>
						<line number="161" hits="1"/>
						<line number="164" hits="1"/>
						<line number="165" hits="1"/>
					</lines>
				</class>
			</classes>
		</package>
		<package name=".mnt.extra-addons.product_configurator_mrp_component_ext" line-rate="1" branch-rate="1" complexity="0">
			<classes>
				<class name="__init__.py" filename="/mnt/extra-addons/product_configurator_mrp_component_ext/__init__.py" complexity="0" line-rate="1" branch-rate="1">
					<methods/>
					<lines/>
				</class>
			</classes>
		</package>
		<package name=".mnt.extra-addons.product_configurator_mrp_component_ext.tests" line-rate="1" branch-rate="1" complexity="0">
			<classes>
				<class name="__init__.py" filename="/mnt/extra-addons/product_configurator_mrp_component_ext/tests/__init__.py" complexity="0" line-rate="1" branch-rate="1">
					<methods/>
					<lines>
						<line number="4" hits="1"/>
					</lines>
				</class>
				<class name="test_mrp_bom_line_config.py" filename="/mnt/extra-addons/product_configurator_mrp_component_ext/tests/test_mrp_bom_line_config.py" complexity="0" line-rate="1" branch-rate="1">
					<methods/>
					<lines>
						<line number="4" hits="1"/>
						<line number="7" hits="1"/>
						<line number="8" hits="1"/>
						<line number="9" hits="1"/>
						<line number="11" hits="1"/>
						<line number="14" hits="1"/>
						<line number="24" hits="1"/>
						<line number="32" hits="1"/>
						<line number="33" hits="1"/>
						<line number="34" hits="1"/>
					</lines>
				</class>
			</classes>
		</package>
		<package name=".mnt.extra-addons.product_configurator_mrp_enhanced" line-rate="1" branch-rate="1" complexity="0">
			<classes>
				<class name="__init__.py" filename="/mnt/extra-addons/product_configurator_mrp_enhanced/__init__.py" complexity="0" line-rate="1" branch-rate="1">
					<methods/>
					<lines>
						<line number="4" hits="1"/>
					</lines>
				</class>
			</classes>
		</package>
		<package name=".mnt.extra-addons.product_configurator_mrp_enhanced.models" line-rate="0.07937" branch-rate="0" complexity="0">
			<classes>
				<class name="__init__.py" filename="/mnt/extra-addons/product_configurator_mrp_enhanced/models/__init__.py" complexity="0" line-rate="1" branch-rate="1">
					<methods/>
					<lines>
						<line number="4" hits="1"/>
					</lines>
				</class>
				<class name="product_config.py" filename="/mnt/extra-addons/product_configurator_mrp_enhanced/models/product_config.py" complexity="0" line-rate="0.06452" branch-rate="0">
					<methods/>
					<lines>
						<line number="4" hits="1"/>
						<line number="7" hits="1"/>
						<line number="8" hits="1"/>
						<line number="10" hits="1"/>
						<line number="15" hits="0"/>
						<line number="16" hits="0" branch="true" condition-coverage="0% (0/2)" missing-branches="17,18"/>
						<line number="17" hits="0"/>
						<line number="18" hits="0"/>
						<line number="20" hits="0" branch="true" condition-coverage="0% (0/2)" missing-branches="21,22"/>
						<line number="21" hits="0"/>
						<line number="22" hits="0" branch="true" condition-coverage="0% (0/2)" missing-branches="23,25"/>
						<line number="23" hits="0"/>
						<line number="25" hits="0"/>
						<line number="26" hits="0"/>
						<line number="27" hits="0"/>
						<line number="30" hits="0"/>
						<line number="33" hits="0"/>
						<line number="39" hits="0" branch="true" condition-coverage="0% (0/2)" missing-branches="40,42"/>
						<line number="40" hits="0"/>
						<line number="42" hits="0"/>
						<line number="50" hits="0"/>
						<line number="51" hits="0" branch="true" condition-coverage="0% (0/2)" missing-branches="54,67"/>
						<line number="54" hits="0" branch="true" condition-coverage="0% (0/2)" missing-branches="55,106"/>
						<line number="55" hits="0"/>
						<line number="56" hits="0"/>
						<line number="57" hits="0"/>
						<line number="60" hits="0"/>
						<line number="61" hits="0"/>
						<line number="62" hits="0"/>
						<line number="63" hits="0"/>
						<line number="67" hits="0" branch="true" condition-coverage="0% (0/2)" missing-branches="68,106"/>
						<line number="68" hits="0" branch="true" condition-coverage="0% (0/2)" missing-branches="69,92"/>
						<line number="69" hits="0" branch="true" condition-coverage="0% (0/2)" missing-branches="67,71"/>
						<line number="71" hits="0" branch="true" condition-coverage="0% (0/2)" missing-branches="69,72"/>
						<line number="72" hits="0" branch="true" condition-coverage="0% (0/2)" missing-branches="69,73"/>
						<line number="73" hits="0"/>
						<line number="77" hits="0"/>
						<line number="80" hits="0"/>
						<line number="85" hits="0"/>
						<line number="86" hits="0"/>
						<line number="89" hits="0"/>
						<line number="90" hits="0"/>
						<line number="92" hits="0"/>
						<line number="96" hits="0"/>
						<line number="97" hits="0"/>
						<line number="100" hits="0"/>
						<line number="101" hits="0"/>
						<line number="104" hits="0"/>
						<line number="105" hits="0"/>
						<line number="106" hits="0" branch="true" condition-coverage="0% (0/2)" missing-branches="107,126"/>
						<line number="107" hits="0"/>
						<line number="112" hits="0"/>
						<line number="113" hits="0"/>
						<line number="118" hits="0"/>
						<line number="119" hits="0"/>
						<line number="120" hits="0"/>
						<line number="121" hits="0"/>
						<line number="122" hits="0" branch="true" condition-coverage="0% (0/2)" missing-branches="123,125"/>
						<line number="123" hits="0" branch="true" condition-coverage="0% (0/2)" missing-branches="124,125"/>
						<line number="124" hits="0"/>
						<line number="125" hits="0"/>
						<line number="126" hits="0"/>
					</lines>
				</class>
			</classes>
		</package>
		<package name=".mnt.third-party-addons.product_configurator" line-rate="0.8571" branch-rate="1" complexity="0">
			<classes>
				<class name="__init__.py" filename="/mnt/third-party-addons/product_configurator/__init__.py" complexity="0" line-rate="1" branch-rate="1">
					<methods/>
					<lines>
						<line number="1" hits="1"/>
						<line number="2" hits="1"/>
						<line number="4" hits="1"/>
					</lines>
				</class>
				<class name="init_hook.py" filename="/mnt/third-party-addons/product_configurator/init_hook.py" complexity="0" line-rate="0.75" branch-rate="1">
					<methods/>
					<lines>
						<line number="1" hits="1"/>
						<line number="3" hits="1"/>
						<line number="6" hits="1"/>
						<line number="10" hits="0"/>
					</lines>
				</class>
			</classes>
		</package>
		<package name=".mnt.third-party-addons.product_configurator.models" line-rate="0.2782" branch-rate="0.02763" complexity="0">
			<classes>
				<class name="__init__.py" filename="/mnt/third-party-addons/product_configurator/models/__init__.py" complexity="0" line-rate="1" branch-rate="1">
					<methods/>
					<lines>
						<line number="1" hits="1"/>
						<line number="2" hits="1"/>
						<line number="3" hits="1"/>
						<line number="4" hits="1"/>
					</lines>
				</class>
				<class name="ir_ui_view.py" filename="/mnt/third-party-addons/product_configurator/models/ir_ui_view.py" complexity="0" line-rate="0.5" branch-rate="0">
					<methods/>
					<lines>
						<line number="1" hits="1"/>
						<line number="4" hits="1"/>
						<line number="5" hits="1"/>
						<line number="7" hits="1"/>
						<line number="8" hits="0"/>
						<line number="9" hits="0" branch="true" condition-coverage="0% (0/2)" missing-branches="10,12"/>
						<line number="10" hits="0"/>
						<line number="12" hits="0"/>
					</lines>
				</class>
				<class name="product.py" filename="/mnt/third-party-addons/product_configurator/models/product.py" complexity="0" line-rate="0.3355" branch-rate="0.129">
					<methods/>
					<lines>
						<line number="1" hits="1"/>
						<line number="2" hits="1"/>
						<line number="4" hits="1"/>
						<line number="5" hits="1"/>
						<line number="7" hits="1"/>
						<line number="8" hits="1"/>
						<line number="9" hits="1"/>
						<line number="11" hits="1"/>
						<line number="14" hits="1"/>
						<line number="15" hits="1"/>
						<line number="17" hits="1"/>
						<line number="18" hits="1"/>
						<line number="23" hits="0"/>
						<line number="24" hits="0" branch="true" condition-coverage="0% (0/2)" missing-branches="exit,25"/>
						<line number="25" hits="0"/>
						<line number="26" hits="0"/>
						<line number="27" hits="0" branch="true" condition-coverage="0% (0/2)" missing-branches="24,28"/>
						<line number="28" hits="0"/>
						<line number="30" hits="1"/>
						<line number="31" hits="1"/>
						<line number="34" hits="0" branch="true" condition-coverage="0% (0/2)" missing-branches="exit,35"/>
						<line number="35" hits="0" branch="true" condition-coverage="0% (0/2)" missing-branches="36,39"/>
						<line number="36" hits="0"/>
						<line number="37" hits="0"/>
						<line number="39" hits="0"/>
						<line number="41" hits="1"/>
						<line number="42" hits="1"/>
						<line number="45" hits="0" branch="true" condition-coverage="0% (0/2)" missing-branches="exit,46"/>
						<line number="46" hits="0" branch="true" condition-coverage="0% (0/2)" missing-branches="47,48"/>
						<line number="47" hits="0"/>
						<line number="48" hits="0"/>
						<line number="49" hits="0"/>
						<line number="50" hits="0" branch="true" condition-coverage="0% (0/2)" missing-branches="45,51"/>
						<line number="51" hits="0"/>
						<line number="59" hits="1"/>
						<line number="60" hits="1"/>
						<line number="63" hits="0" branch="true" condition-coverage="0% (0/2)" missing-branches="exit,64"/>
						<line number="64" hits="0"/>
						<line number="67" hits="0" branch="true" condition-coverage="0% (0/2)" missing-branches="exit,71"/>
						<line number="71" hits="0" branch="true" condition-coverage="0% (0/2)" missing-branches="63,72"/>
						<line number="72" hits="0"/>
						<line number="76" hits="1"/>
						<line number="78" hits="1"/>
						<line number="85" hits="1"/>
						<line number="92" hits="1"/>
						<line number="99" hits="1"/>
						<line number="105" hits="1"/>
						<line number="112" hits="1"/>
						<line number="118" hits="1"/>
						<line number="124" hits="1"/>
						<line number="125" hits="1"/>
						<line number="126" hits="1" branch="true" condition-coverage="100% (2/2)"/>
						<line number="127" hits="1" branch="true" condition-coverage="50% (1/2)" missing-branches="128"/>
						<line number="128" hits="0"/>
						<line number="129" hits="1"/>
						<line number="130" hits="1"/>
						<line number="132" hits="1"/>
						<line number="133" hits="0" branch="true" condition-coverage="0% (0/2)" missing-branches="exit,134"/>
						<line number="134" hits="0"/>
						<line number="135" hits="0" branch="true" condition-coverage="0% (0/2)" missing-branches="133,136"/>
						<line number="136" hits="0"/>
						<line number="138" hits="1"/>
						<line number="139" hits="0"/>
						<line number="140" hits="0"/>
						<line number="143" hits="0"/>
						<line number="144" hits="0"/>
						<line number="145" hits="0"/>
						<line number="146" hits="0"/>
						<line number="147" hits="0"/>
						<line number="148" hits="0"/>
						<line number="150" hits="1"/>
						<line number="151" hits="0" branch="true" condition-coverage="0% (0/2)" missing-branches="exit,157"/>
						<line number="157" hits="0"/>
						<line number="158" hits="0"/>
						<line number="159" hits="0"/>
						<line number="162" hits="0" branch="true" condition-coverage="0% (0/2)" missing-branches="163,164"/>
						<line number="163" hits="0"/>
						<line number="164" hits="0"/>
						<line number="165" hits="0"/>
						<line number="169" hits="1"/>
						<line number="170" hits="1"/>
						<line number="171" hits="0" branch="true" condition-coverage="0% (0/2)" missing-branches="exit,172"/>
						<line number="172" hits="0"/>
						<line number="173" hits="0"/>
						<line number="174" hits="0"/>
						<line number="175" hits="0"/>
						<line number="184" hits="1"/>
						<line number="185" hits="0" branch="true" condition-coverage="0% (0/2)" missing-branches="exit,186"/>
						<line number="186" hits="0"/>
						<line number="188" hits="1"/>
						<line number="191" hits="0" branch="true" condition-coverage="0% (0/2)" missing-branches="exit,192"/>
						<line number="192" hits="0" branch="true" condition-coverage="0% (0/2)" missing-branches="193,194"/>
						<line number="193" hits="0"/>
						<line number="194" hits="0"/>
						<line number="196" hits="1"/>
						<line number="200" hits="0" branch="true" condition-coverage="0% (0/2)" missing-branches="exit,201"/>
						<line number="201" hits="0" branch="true" condition-coverage="0% (0/2)" missing-branches="202,203"/>
						<line number="202" hits="0"/>
						<line number="203" hits="0" branch="true" condition-coverage="0% (0/2)" missing-branches="204,209"/>
						<line number="204" hits="0"/>
						<line number="207" hits="0" branch="true" condition-coverage="0% (0/2)" missing-branches="203,208"/>
						<line number="208" hits="0"/>
						<line number="209" hits="0"/>
						<line number="210" hits="0"/>
						<line number="212" hits="1"/>
						<line number="215" hits="0" branch="true" condition-coverage="0% (0/2)" missing-branches="216,217"/>
						<line number="216" hits="0"/>
						<line number="217" hits="0"/>
						<line number="218" hits="0"/>
						<line number="221" hits="0"/>
						<line number="222" hits="0" branch="true" condition-coverage="0% (0/2)" missing-branches="223,226"/>
						<line number="223" hits="0"/>
						<line number="226" hits="0" branch="true" condition-coverage="0% (0/2)" missing-branches="227,242"/>
						<line number="227" hits="0"/>
						<line number="228" hits="0"/>
						<line number="229" hits="0"/>
						<line number="233" hits="0"/>
						<line number="236" hits="0" branch="true" condition-coverage="0% (0/2)" missing-branches="237,238"/>
						<line number="237" hits="0"/>
						<line number="238" hits="0"/>
						<line number="239" hits="0"/>
						<line number="242" hits="0"/>
						<line number="243" hits="0" branch="true" condition-coverage="0% (0/2)" missing-branches="244,254"/>
						<line number="244" hits="0" branch="true" condition-coverage="0% (0/2)" missing-branches="exit,249"/>
						<line number="249" hits="0" branch="true" condition-coverage="0% (0/2)" missing-branches="250,253"/>
						<line number="250" hits="0"/>
						<line number="253" hits="0"/>
						<line number="254" hits="0"/>
						<line number="256" hits="1"/>
						<line number="259" hits="0"/>
						<line number="263" hits="1"/>
						<line number="272" hits="0"/>
						<line number="273" hits="0"/>
						<line number="274" hits="0" branch="true" condition-coverage="0% (0/2)" missing-branches="275,276"/>
						<line number="275" hits="0"/>
						<line number="276" hits="0"/>
						<line number="277" hits="0" branch="true" condition-coverage="0% (0/2)" missing-branches="278,280"/>
						<line number="278" hits="0"/>
						<line number="280" hits="0"/>
						<line number="284" hits="0"/>
						<line number="285" hits="0"/>
						<line number="287" hits="1"/>
						<line number="288" hits="1"/>
						<line number="292" hits="0"/>
						<line number="293" hits="0"/>
						<line number="296" hits="0"/>
						<line number="298" hits="1"/>
						<line number="299" hits="1"/>
						<line number="302" hits="0" branch="true" condition-coverage="0% (0/2)" missing-branches="303,304"/>
						<line number="303" hits="0"/>
						<line number="304" hits="0"/>
						<line number="307" hits="0"/>
						<line number="308" hits="0"/>
						<line number="309" hits="0" branch="true" condition-coverage="0% (0/2)" missing-branches="314,315"/>
						<line number="314" hits="0"/>
						<line number="315" hits="0"/>
						<line number="322" hits="1"/>
						<line number="323" hits="1"/>
						<line number="325" hits="1"/>
						<line number="326" hits="1" branch="true" condition-coverage="50% (1/2)" missing-branches="327"/>
						<line number="327" hits="0"/>
						<line number="328" hits="1"/>
						<line number="330" hits="1"/>
						<line number="332" hits="1"/>
						<line number="333" hits="1" branch="true" condition-coverage="100% (2/2)"/>
						<line number="334" hits="1" branch="true" condition-coverage="50% (1/2)" missing-branches="335"/>
						<line number="335" hits="0"/>
						<line number="337" hits="1"/>
						<line number="339" hits="1"/>
						<line number="340" hits="1"/>
						<line number="341" hits="0"/>
						<line number="342" hits="0"/>
						<line number="343" hits="0"/>
						<line number="344" hits="0"/>
						<line number="345" hits="0" branch="true" condition-coverage="0% (0/2)" missing-branches="346,370"/>
						<line number="346" hits="0"/>
						<line number="347" hits="0"/>
						<line number="348" hits="0"/>
						<line number="349" hits="0"/>
						<line number="350" hits="0" branch="true" condition-coverage="0% (0/2)" missing-branches="351,352"/>
						<line number="351" hits="0"/>
						<line number="352" hits="0" branch="true" condition-coverage="0% (0/2)" missing-branches="353,358"/>
						<line number="353" hits="0"/>
						<line number="358" hits="0"/>
						<line number="359" hits="0"/>
						<line number="365" hits="0"/>
						<line number="370" hits="0" branch="true" condition-coverage="0% (0/2)" missing-branches="exit,371"/>
						<line number="371" hits="0"/>
						<line number="373" hits="1"/>
						<line number="374" hits="1"/>
						<line number="375" hits="0"/>
						<line number="376" hits="0"/>
						<line number="377" hits="0"/>
						<line number="380" hits="1"/>
						<line number="381" hits="1"/>
						<line number="382" hits="1"/>
						<line number="384" hits="1"/>
						<line number="385" hits="0"/>
						<line number="386" hits="0"/>
						<line number="388" hits="1"/>
						<line number="389" hits="1"/>
						<line number="391" hits="0" branch="true" condition-coverage="0% (0/2)" missing-branches="exit,392"/>
						<line number="392" hits="0" branch="true" condition-coverage="0% (0/2)" missing-branches="393,401"/>
						<line number="393" hits="0"/>
						<line number="401" hits="0"/>
						<line number="402" hits="0"/>
						<line number="405" hits="0" branch="true" condition-coverage="0% (0/2)" missing-branches="exit,410"/>
						<line number="410" hits="0" branch="true" condition-coverage="0% (0/2)" missing-branches="391,411"/>
						<line number="411" hits="0"/>
						<line number="418" hits="1"/>
						<line number="421" hits="0"/>
						<line number="422" hits="0"/>
						<line number="424" hits="1"/>
						<line number="427" hits="0"/>
						<line number="428" hits="0"/>
						<line number="431" hits="0"/>
						<line number="439" hits="1"/>
						<line number="442" hits="0"/>
						<line number="443" hits="0" branch="true" condition-coverage="0% (0/2)" missing-branches="444,455"/>
						<line number="444" hits="0"/>
						<line number="445" hits="0"/>
						<line number="446" hits="0"/>
						<line number="447" hits="0"/>
						<line number="448" hits="0"/>
						<line number="449" hits="0"/>
						<line number="450" hits="0"/>
						<line number="451" hits="0"/>
						<line number="455" hits="0"/>
						<line number="457" hits="1"/>
						<line number="458" hits="1"/>
						<line number="459" hits="1" branch="true" condition-coverage="100% (2/2)"/>
						<line number="460" hits="1"/>
						<line number="464" hits="1"/>
						<line number="465" hits="1"/>
						<line number="466" hits="1" branch="true" condition-coverage="100% (2/2)"/>
						<line number="467" hits="1" branch="true" condition-coverage="50% (1/2)" missing-branches="468"/>
						<line number="468" hits="0"/>
						<line number="469" hits="0"/>
						<line number="471" hits="1"/>
						<line number="473" hits="1"/>
						<line number="475" hits="0"/>
						<line number="477" hits="1"/>
						<line number="480" hits="1"/>
						<line number="483" hits="1"/>
						<line number="484" hits="1"/>
						<line number="491" hits="1"/>
						<line number="493" hits="1"/>
						<line number="494" hits="0"/>
						<line number="495" hits="0"/>
						<line number="498" hits="0"/>
						<line number="499" hits="0"/>
						<line number="500" hits="0"/>
						<line number="501" hits="0"/>
						<line number="502" hits="0"/>
						<line number="503" hits="0"/>
						<line number="505" hits="1"/>
						<line number="508" hits="0" branch="true" condition-coverage="0% (0/2)" missing-branches="exit,509"/>
						<line number="509" hits="0" branch="true" condition-coverage="0% (0/2)" missing-branches="510,512"/>
						<line number="510" hits="0"/>
						<line number="512" hits="0"/>
						<line number="514" hits="1"/>
						<line number="519" hits="0"/>
						<line number="521" hits="0"/>
						<line number="522" hits="0"/>
						<line number="524" hits="1"/>
						<line number="525" hits="1"/>
						<line number="528" hits="0" branch="true" condition-coverage="0% (0/2)" missing-branches="529,530"/>
						<line number="529" hits="0"/>
						<line number="530" hits="0"/>
						<line number="533" hits="0"/>
						<line number="536" hits="0"/>
						<line number="537" hits="0"/>
						<line number="538" hits="0" branch="true" condition-coverage="0% (0/2)" missing-branches="543,544"/>
						<line number="543" hits="0"/>
						<line number="544" hits="0"/>
						<line number="551" hits="1"/>
						<line number="555" hits="0" branch="true" condition-coverage="0% (0/2)" missing-branches="exit,556"/>
						<line number="556" hits="0" branch="true" condition-coverage="0% (0/2)" missing-branches="557,558"/>
						<line number="557" hits="0"/>
						<line number="558" hits="0"/>
						<line number="559" hits="0"/>
						<line number="560" hits="0"/>
						<line number="562" hits="1"/>
						<line number="563" hits="1"/>
						<line number="565" hits="1"/>
						<line number="566" hits="1" branch="true" condition-coverage="50% (1/2)" missing-branches="567"/>
						<line number="567" hits="0"/>
						<line number="568" hits="1"/>
						<line number="570" hits="1"/>
						<line number="572" hits="1"/>
						<line number="573" hits="1" branch="true" condition-coverage="100% (2/2)"/>
						<line number="574" hits="1" branch="true" condition-coverage="50% (1/2)" missing-branches="575"/>
						<line number="575" hits="0"/>
						<line number="577" hits="1"/>
						<line number="579" hits="1"/>
						<line number="580" hits="0" branch="true" condition-coverage="0% (0/2)" missing-branches="exit,581"/>
						<line number="581" hits="0"/>
						<line number="582" hits="0" branch="true" condition-coverage="0% (0/2)" missing-branches="583,584"/>
						<line number="583" hits="0"/>
						<line number="584" hits="0" branch="true" condition-coverage="0% (0/2)" missing-branches="exit,585"/>
						<line number="585" hits="0"/>
						<line number="586" hits="0"/>
						<line number="589" hits="0"/>
						<line number="592" hits="0"/>
					</lines>
				</class>
				<class name="product_attribute.py" filename="/mnt/third-party-addons/product_configurator/models/product_attribute.py" complexity="0" line-rate="0.3795" branch-rate="0">
					<methods/>
					<lines>
						<line number="1" hits="1"/>
						<line number="3" hits="1"/>
						<line number="4" hits="1"/>
						<line number="7" hits="1"/>
						<line number="8" hits="1"/>
						<line number="9" hits="1"/>
						<line number="11" hits="1"/>
						<line number="14" hits="0" branch="true" condition-coverage="0% (0/2)" missing-branches="15,16"/>
						<line number="15" hits="0"/>
						<line number="16" hits="0"/>
						<line number="17" hits="0" branch="true" condition-coverage="0% (0/2)" missing-branches="18,20"/>
						<line number="18" hits="0"/>
						<line number="19" hits="0"/>
						<line number="20" hits="0"/>
						<line number="22" hits="1"/>
						<line number="23" hits="1"/>
						<line number="25" hits="0"/>
						<line number="27" hits="1"/>
						<line number="28" hits="1"/>
						<line number="29" hits="0" branch="true" condition-coverage="0% (0/2)" missing-branches="30,31"/>
						<line number="30" hits="0"/>
						<line number="31" hits="0" branch="true" condition-coverage="0% (0/2)" missing-branches="exit,32"/>
						<line number="32" hits="0"/>
						<line number="33" hits="0"/>
						<line number="35" hits="1"/>
						<line number="36" hits="1"/>
						<line number="37" hits="0" branch="true" condition-coverage="0% (0/2)" missing-branches="exit,38"/>
						<line number="38" hits="0"/>
						<line number="40" hits="1"/>
						<line number="51" hits="1"/>
						<line number="57" hits="1"/>
						<line number="58" hits="1"/>
						<line number="61" hits="1"/>
						<line number="64" hits="1"/>
						<line number="69" hits="1"/>
						<line number="70" hits="1"/>
						<line number="76" hits="1"/>
						<line number="83" hits="1"/>
						<line number="87" hits="1"/>
						<line number="88" hits="1"/>
						<line number="93" hits="1"/>
						<line number="94" hits="1"/>
						<line number="95" hits="0" branch="true" condition-coverage="0% (0/2)" missing-branches="exit,96"/>
						<line number="96" hits="0"/>
						<line number="97" hits="0" branch="true" condition-coverage="0% (0/2)" missing-branches="95,98"/>
						<line number="98" hits="0"/>
						<line number="105" hits="1"/>
						<line number="109" hits="0"/>
						<line number="110" hits="0" branch="true" condition-coverage="0% (0/2)" missing-branches="exit,111"/>
						<line number="111" hits="0"/>
						<line number="112" hits="0"/>
						<line number="113" hits="0"/>
						<line number="114" hits="0" branch="true" condition-coverage="0% (0/2)" missing-branches="115,121"/>
						<line number="115" hits="0"/>
						<line number="121" hits="0" branch="true" condition-coverage="0% (0/2)" missing-branches="122,128"/>
						<line number="122" hits="0"/>
						<line number="128" hits="0" branch="true" condition-coverage="0% (0/2)" missing-branches="exit,129"/>
						<line number="129" hits="0"/>
						<line number="136" hits="1"/>
						<line number="137" hits="1"/>
						<line number="139" hits="0" branch="true" condition-coverage="0% (0/2)" missing-branches="exit,140"/>
						<line number="140" hits="0" branch="true" condition-coverage="0% (0/2)" missing-branches="141,142"/>
						<line number="141" hits="0"/>
						<line number="142" hits="0"/>
						<line number="143" hits="0"/>
						<line number="144" hits="0" branch="true" condition-coverage="0% (0/2)" missing-branches="139,145"/>
						<line number="145" hits="0"/>
						<line number="150" hits="1"/>
						<line number="151" hits="1"/>
						<line number="152" hits="1"/>
						<line number="156" hits="1"/>
						<line number="157" hits="1"/>
						<line number="159" hits="0"/>
						<line number="160" hits="0"/>
						<line number="161" hits="0"/>
						<line number="162" hits="0"/>
						<line number="166" hits="1"/>
						<line number="167" hits="1"/>
						<line number="168" hits="0" branch="true" condition-coverage="0% (0/2)" missing-branches="exit,169"/>
						<line number="169" hits="0"/>
						<line number="171" hits="1"/>
						<line number="174" hits="1"/>
						<line number="175" hits="1"/>
						<line number="179" hits="1"/>
						<line number="183" hits="1"/>
						<line number="185" hits="1"/>
						<line number="186" hits="1"/>
						<line number="189" hits="0" branch="true" condition-coverage="0% (0/3)" missing-branches="exit,exit,190"/>
						<line number="190" hits="0" branch="true" condition-coverage="0% (0/2)" missing-branches="189,191"/>
						<line number="191" hits="0"/>
						<line number="199" hits="1"/>
						<line number="200" hits="1"/>
						<line number="203" hits="0" branch="true" condition-coverage="0% (0/2)" missing-branches="205,233"/>
						<line number="205" hits="0" branch="true" condition-coverage="0% (0/2)" missing-branches="209,219"/>
						<line number="209" hits="0"/>
						<line number="219" hits="0" branch="true" condition-coverage="0% (0/2)" missing-branches="203,220"/>
						<line number="220" hits="0" branch="true" condition-coverage="0% (0/2)" missing-branches="219,221"/>
						<line number="221" hits="0"/>
						<line number="233" hits="0"/>
						<line number="236" hits="1"/>
						<line number="237" hits="1"/>
						<line number="239" hits="1"/>
						<line number="242" hits="0" branch="true" condition-coverage="0% (0/2)" missing-branches="243,244"/>
						<line number="243" hits="0"/>
						<line number="244" hits="0"/>
						<line number="245" hits="0"/>
						<line number="246" hits="0"/>
						<line number="248" hits="1"/>
						<line number="254" hits="1"/>
						<line number="257" hits="1"/>
						<line number="263" hits="1"/>
						<line number="264" hits="1"/>
						<line number="267" hits="0"/>
						<line number="268" hits="0" branch="true" condition-coverage="0% (0/2)" missing-branches="269,271"/>
						<line number="269" hits="0"/>
						<line number="271" hits="0"/>
						<line number="274" hits="0" branch="true" condition-coverage="0% (0/2)" missing-branches="exit,278"/>
						<line number="278" hits="0"/>
						<line number="279" hits="0"/>
						<line number="285" hits="0" branch="true" condition-coverage="0% (0/2)" missing-branches="286,290"/>
						<line number="286" hits="0"/>
						<line number="287" hits="0" branch="true" condition-coverage="0% (0/2)" missing-branches="288,289"/>
						<line number="288" hits="0"/>
						<line number="289" hits="0"/>
						<line number="290" hits="0"/>
						<line number="292" hits="1"/>
						<line number="293" hits="0"/>
						<line number="294" hits="0" branch="true" condition-coverage="0% (0/2)" missing-branches="295,296"/>
						<line number="295" hits="0"/>
						<line number="296" hits="0"/>
						<line number="298" hits="0"/>
						<line number="299" hits="0"/>
						<line number="303" hits="0"/>
						<line number="304" hits="0" branch="true" condition-coverage="0% (0/2)" missing-branches="305,316"/>
						<line number="305" hits="0"/>
						<line number="306" hits="0" branch="true" condition-coverage="0% (0/2)" missing-branches="307,315"/>
						<line number="307" hits="0"/>
						<line number="315" hits="0"/>
						<line number="316" hits="0"/>
						<line number="318" hits="1"/>
						<line number="319" hits="1"/>
						<line number="326" hits="0"/>
						<line number="327" hits="0" branch="true" condition-coverage="0% (0/2)" missing-branches="329,358"/>
						<line number="329" hits="0"/>
						<line number="330" hits="0"/>
						<line number="331" hits="0"/>
						<line number="332" hits="0"/>
						<line number="333" hits="0"/>
						<line number="334" hits="0" branch="true" condition-coverage="0% (0/2)" missing-branches="336,341"/>
						<line number="336" hits="0" branch="true" condition-coverage="0% (0/2)" missing-branches="337,340"/>
						<line number="337" hits="0"/>
						<line number="340" hits="0"/>
						<line number="341" hits="0"/>
						<line number="342" hits="0" branch="true" condition-coverage="0% (0/2)" missing-branches="343,344"/>
						<line number="343" hits="0"/>
						<line number="344" hits="0"/>
						<line number="347" hits="0"/>
						<line number="348" hits="0" branch="true" condition-coverage="0% (0/2)" missing-branches="exit,351"/>
						<line number="351" hits="0" branch="true" condition-coverage="0% (0/2)" missing-branches="352,355"/>
						<line number="352" hits="0"/>
						<line number="353" hits="0" branch="true" condition-coverage="0% (0/2)" missing-branches="351,354"/>
						<line number="354" hits="0"/>
						<line number="355" hits="0" branch="true" condition-coverage="0% (0/2)" missing-branches="356,357"/>
						<line number="356" hits="0"/>
						<line number="357" hits="0"/>
						<line number="358" hits="0"/>
						<line number="361" hits="0"/>
						<line number="371" hits="1"/>
						<line number="372" hits="1"/>
						<line number="376" hits="1"/>
						<line number="379" hits="1"/>
						<line number="380" hits="1"/>
						<line number="381" hits="1"/>
						<line number="382" hits="1"/>
						<line number="384" hits="1"/>
						<line number="385" hits="1"/>
						<line number="391" hits="1"/>
						<line number="396" hits="1"/>
						<line number="399" hits="1"/>
						<line number="406" hits="1"/>
						<line number="415" hits="1"/>
						<line number="420" hits="1"/>
						<line number="421" hits="0" branch="true" condition-coverage="0% (0/2)" missing-branches="exit,422"/>
						<line number="422" hits="0"/>
						<line number="423" hits="0"/>
						<line number="424" hits="0"/>
						<line number="426" hits="1"/>
						<line number="427" hits="1"/>
						<line number="429" hits="0"/>
						<line number="430" hits="0" branch="true" condition-coverage="0% (0/2)" missing-branches="exit,431"/>
						<line number="431" hits="0"/>
						<line number="432" hits="0"/>
						<line number="433" hits="0"/>
						<line number="438" hits="0" branch="true" condition-coverage="0% (0/2)" missing-branches="430,439"/>
						<line number="439" hits="0"/>
					</lines>
				</class>
				<class name="product_config.py" filename="/mnt/third-party-addons/product_configurator/models/product_config.py" complexity="0" line-rate="0.223" branch-rate="0">
					<methods/>
					<lines>
						<line number="1" hits="1"/>
						<line number="3" hits="1"/>
						<line number="4" hits="1"/>
						<line number="5" hits="1"/>
						<line number="8" hits="1"/>
						<line number="9" hits="1"/>
						<line number="10" hits="1"/>
						<line number="12" hits="1"/>
						<line number="13" hits="1"/>
						<line number="16" hits="0"/>
						<line number="17" hits="0"/>
						<line number="18" hits="0" branch="true" condition-coverage="0% (0/2)" missing-branches="19,22"/>
						<line number="19" hits="0"/>
						<line number="20" hits="0" branch="true" condition-coverage="0% (0/2)" missing-branches="18,21"/>
						<line number="21" hits="0"/>
						<line number="22" hits="0"/>
						<line number="24" hits="0" branch="true" condition-coverage="0% (0/2)" missing-branches="exit,25"/>
						<line number="25" hits="0"/>
						<line number="27" hits="1"/>
						<line number="33" hits="0"/>
						<line number="34" hits="0" branch="true" condition-coverage="0% (0/2)" missing-branches="35,52"/>
						<line number="35" hits="0"/>
						<line number="36" hits="0" branch="true" condition-coverage="0% (0/2)" missing-branches="37,38"/>
						<line number="37" hits="0"/>
						<line number="38" hits="0" branch="true" condition-coverage="0% (0/2)" missing-branches="39,45"/>
						<line number="39" hits="0" branch="true" condition-coverage="0% (0/2)" missing-branches="40,41"/>
						<line number="40" hits="0"/>
						<line number="41" hits="0"/>
						<line number="45" hits="0"/>
						<line number="52" hits="0"/>
						<line number="54" hits="1"/>
						<line number="55" hits="1"/>
						<line number="62" hits="1"/>
						<line number="69" hits="1"/>
						<line number="78" hits="1"/>
						<line number="79" hits="1"/>
						<line number="80" hits="1"/>
						<line number="81" hits="1"/>
						<line number="83" hits="1"/>
						<line number="84" hits="0"/>
						<line number="86" hits="0"/>
						<line number="88" hits="1"/>
						<line number="89" hits="0"/>
						<line number="91" hits="0"/>
						<line number="93" hits="1"/>
						<line number="94" hits="1"/>
						<line number="95" hits="0" branch="true" condition-coverage="0% (0/2)" missing-branches="exit,96"/>
						<line number="96" hits="0"/>
						<line number="100" hits="1"/>
						<line number="101" hits="0"/>
						<line number="102" hits="0"/>
						<line number="103" hits="0" branch="true" condition-coverage="0% (0/2)" missing-branches="104,107"/>
						<line number="104" hits="0"/>
						<line number="107" hits="0"/>
						<line number="108" hits="0"/>
						<line number="109" hits="0"/>
						<line number="115" hits="1"/>
						<line number="120" hits="1"/>
						<line number="123" hits="1"/>
						<line number="126" hits="1"/>
						<line number="129" hits="1"/>
						<line number="137" hits="1"/>
						<line number="143" hits="1"/>
						<line number="150" hits="1"/>
						<line number="151" hits="1"/>
						<line number="152" hits="1"/>
						<line number="153" hits="1"/>
						<line number="159" hits="1"/>
						<line number="160" hits="1"/>
						<line number="161" hits="0"/>
						<line number="162" hits="0"/>
						<line number="164" hits="1"/>
						<line number="170" hits="1"/>
						<line number="171" hits="0" branch="true" condition-coverage="0% (0/2)" missing-branches="exit,172"/>
						<line number="172" hits="0"/>
						<line number="173" hits="0"/>
						<line number="174" hits="0"/>
						<line number="178" hits="1"/>
						<line number="183" hits="1"/>
						<line number="189" hits="1"/>
						<line number="196" hits="1"/>
						<line number="201" hits="1"/>
						<line number="208" hits="1"/>
						<line number="213" hits="1"/>
						<line number="215" hits="1"/>
						<line number="216" hits="1"/>
						<line number="219" hits="0" branch="true" condition-coverage="0% (0/2)" missing-branches="exit,220"/>
						<line number="220" hits="0"/>
						<line number="221" hits="0" branch="true" condition-coverage="0% (0/2)" missing-branches="219,222"/>
						<line number="222" hits="0"/>
						<line number="231" hits="1"/>
						<line number="232" hits="1"/>
						<line number="233" hits="1"/>
						<line number="234" hits="1"/>
						<line number="235" hits="1"/>
						<line number="237" hits="1"/>
						<line number="238" hits="1"/>
						<line number="244" hits="1"/>
						<line number="245" hits="1"/>
						<line number="249" hits="1"/>
						<line number="250" hits="1"/>
						<line number="253" hits="0"/>
						<line number="254" hits="0" branch="true" condition-coverage="0% (0/2)" missing-branches="exit,255"/>
						<line number="255" hits="0"/>
						<line number="256" hits="0"/>
						<line number="261" hits="0"/>
						<line number="262" hits="0"/>
						<line number="270" hits="1"/>
						<line number="271" hits="1"/>
						<line number="272" hits="1"/>
						<line number="277" hits="1"/>
						<line number="280" hits="1"/>
						<line number="281" hits="1"/>
						<line number="282" hits="1"/>
						<line number="283" hits="1"/>
						<line number="285" hits="1"/>
						<line number="286" hits="1"/>
						<line number="291" hits="1"/>
						<line number="298" hits="1"/>
						<line number="304" hits="1"/>
						<line number="306" hits="1"/>
						<line number="307" hits="1"/>
						<line number="309" hits="0" branch="true" condition-coverage="0% (0/2)" missing-branches="exit,310"/>
						<line number="310" hits="0"/>
						<line number="311" hits="0" branch="true" condition-coverage="0% (0/2)" missing-branches="exit,314"/>
						<line number="314" hits="0" branch="true" condition-coverage="0% (0/2)" missing-branches="309,315"/>
						<line number="315" hits="0"/>
						<line number="320" hits="1"/>
						<line number="321" hits="1"/>
						<line number="322" hits="1"/>
						<line number="324" hits="1"/>
						<line number="332" hits="1"/>
						<line number="333" hits="0" branch="true" condition-coverage="0% (0/2)" missing-branches="exit,334"/>
						<line number="334" hits="0" branch="true" condition-coverage="0% (0/2)" missing-branches="335,337"/>
						<line number="335" hits="0"/>
						<line number="337" hits="0"/>
						<line number="338" hits="0"/>
						<line number="340" hits="1"/>
						<line number="342" hits="0"/>
						<line number="343" hits="0"/>
						<line number="344" hits="0"/>
						<line number="346" hits="1"/>
						<line number="347" hits="1"/>
						<line number="350" hits="0"/>
						<line number="351" hits="0" branch="true" condition-coverage="0% (0/2)" missing-branches="352,358"/>
						<line number="352" hits="0" branch="true" condition-coverage="0% (0/2)" missing-branches="353,354"/>
						<line number="353" hits="0"/>
						<line number="354" hits="0" branch="true" condition-coverage="0% (0/2)" missing-branches="355,357"/>
						<line number="355" hits="0"/>
						<line number="357" hits="0"/>
						<line number="358" hits="0"/>
						<line number="360" hits="1"/>
						<line number="363" hits="0"/>
						<line number="364" hits="0"/>
						<line number="365" hits="0"/>
						<line number="366" hits="0" branch="true" condition-coverage="0% (0/2)" missing-branches="367,371"/>
						<line number="367" hits="0"/>
						<line number="368" hits="0"/>
						<line number="369" hits="0"/>
						<line number="370" hits="0"/>
						<line number="371" hits="0"/>
						<line number="372" hits="0" branch="true" condition-coverage="0% (0/2)" missing-branches="exit,373"/>
						<line number="373" hits="0"/>
						<line number="374" hits="0"/>
						<line number="375" hits="0" branch="true" condition-coverage="0% (0/2)" missing-branches="exit,378"/>
						<line number="378" hits="0"/>
						<line number="379" hits="0"/>
						<line number="380" hits="0"/>
						<line number="381" hits="0" branch="true" condition-coverage="0% (0/2)" missing-branches="372,382"/>
						<line number="382" hits="0"/>
						<line number="384" hits="1"/>
						<line number="385" hits="1"/>
						<line number="393" hits="0" branch="true" condition-coverage="0% (0/2)" missing-branches="394,396"/>
						<line number="394" hits="0"/>
						<line number="396" hits="0" branch="true" condition-coverage="0% (0/2)" missing-branches="397,399"/>
						<line number="397" hits="0"/>
						<line number="399" hits="0"/>
						<line number="401" hits="0"/>
						<line number="403" hits="0"/>
						<line number="405" hits="0"/>
						<line number="406" hits="0"/>
						<line number="407" hits="0"/>
						<line number="413" hits="0" branch="true" condition-coverage="0% (0/2)" missing-branches="414,416"/>
						<line number="414" hits="0"/>
						<line number="416" hits="0"/>
						<line number="418" hits="1"/>
						<line number="426" hits="1"/>
						<line number="427" hits="0" branch="true" condition-coverage="0% (0/2)" missing-branches="exit,428"/>
						<line number="428" hits="0"/>
						<line number="430" hits="1"/>
						<line number="431" hits="0"/>
						<line number="432" hits="0" branch="true" condition-coverage="0% (0/2)" missing-branches="exit,433"/>
						<line number="433" hits="0"/>
						<line number="434" hits="0"/>
						<line number="438" hits="1"/>
						<line number="439" hits="1"/>
						<line number="440" hits="1"/>
						<line number="443" hits="1"/>
						<line number="448" hits="1"/>
						<line number="454" hits="1"/>
						<line number="460" hits="1"/>
						<line number="461" hits="1"/>
						<line number="466" hits="1"/>
						<line number="472" hits="1"/>
						<line number="477" hits="1"/>
						<line number="483" hits="1"/>
						<line number="487" hits="1"/>
						<line number="494" hits="1"/>
						<line number="495" hits="0" branch="true" condition-coverage="0% (0/2)" missing-branches="496,499"/>
						<line number="496" hits="0" branch="true" condition-coverage="0% (0/2)" missing-branches="497,498"/>
						<line number="497" hits="0"/>
						<line number="498" hits="0"/>
						<line number="499" hits="0"/>
						<line number="501" hits="1"/>
						<line number="502" hits="1"/>
						<line number="503" hits="0" branch="true" condition-coverage="0% (0/3)" missing-branches="exit,exit,504"/>
						<line number="504" hits="0" branch="true" condition-coverage="0% (0/2)" missing-branches="503,505"/>
						<line number="505" hits="0"/>
						<line number="509" hits="1"/>
						<line number="516" hits="0"/>
						<line number="517" hits="0" branch="true" condition-coverage="0% (0/2)" missing-branches="518,520"/>
						<line number="518" hits="0"/>
						<line number="520" hits="0"/>
						<line number="521" hits="0"/>
						<line number="522" hits="0"/>
						<line number="526" hits="0"/>
						<line number="528" hits="0"/>
						<line number="529" hits="0"/>
						<line number="530" hits="0" branch="true" condition-coverage="0% (0/2)" missing-branches="531,571"/>
						<line number="531" hits="0"/>
						<line number="532" hits="0"/>
						<line number="533" hits="0"/>
						<line number="535" hits="0" branch="true" condition-coverage="0% (0/2)" missing-branches="536,541"/>
						<line number="536" hits="0"/>
						<line number="541" hits="0" branch="true" condition-coverage="0% (0/2)" missing-branches="542,561"/>
						<line number="542" hits="0" branch="true" condition-coverage="0% (0/2)" missing-branches="543,547"/>
						<line number="543" hits="0" branch="true" condition-coverage="0% (0/2)" missing-branches="544,546"/>
						<line number="544" hits="0"/>
						<line number="546" hits="0"/>
						<line number="547" hits="0" branch="true" condition-coverage="0% (0/2)" missing-branches="548,550"/>
						<line number="548" hits="0"/>
						<line number="550" hits="0"/>
						<line number="556" hits="0"/>
						<line number="559" hits="0" branch="true" condition-coverage="0% (0/2)" missing-branches="530,560"/>
						<line number="560" hits="0"/>
						<line number="561" hits="0" branch="true" condition-coverage="0% (0/2)" missing-branches="530,562"/>
						<line number="562" hits="0"/>
						<line number="563" hits="0" branch="true" condition-coverage="0% (0/2)" missing-branches="565,566"/>
						<line number="565" hits="0"/>
						<line number="566" hits="0"/>
						<line number="569" hits="0"/>
						<line number="571" hits="0"/>
						<line number="573" hits="1"/>
						<line number="597" hits="0" branch="true" condition-coverage="0% (0/2)" missing-branches="598,599"/>
						<line number="598" hits="0"/>
						<line number="599" hits="0" branch="true" condition-coverage="0% (0/2)" missing-branches="600,601"/>
						<line number="600" hits="0"/>
						<line number="601" hits="0"/>
						<line number="603" hits="0"/>
						<line number="604" hits="0" branch="true" condition-coverage="0% (0/2)" missing-branches="605,617"/>
						<line number="605" hits="0" branch="true" condition-coverage="0% (0/2)" missing-branches="exit,609"/>
						<line number="609" hits="0"/>
						<line number="610" hits="0" branch="true" condition-coverage="0% (0/2)" missing-branches="611,612"/>
						<line number="611" hits="0"/>
						<line number="612" hits="0" branch="true" condition-coverage="0% (0/2)" missing-branches="613,614"/>
						<line number="613" hits="0"/>
						<line number="614" hits="0" branch="true" condition-coverage="0% (0/2)" missing-branches="604,615"/>
						<line number="615" hits="0"/>
						<line number="617" hits="0" branch="true" condition-coverage="0% (0/2)" missing-branches="618,621"/>
						<line number="618" hits="0"/>
						<line number="621" hits="0" branch="true" condition-coverage="0% (0/2)" missing-branches="exit,625"/>
						<line number="625" hits="0" branch="true" condition-coverage="0% (0/2)" missing-branches="626,636"/>
						<line number="626" hits="0"/>
						<line number="636" hits="0" branch="true" condition-coverage="0% (0/2)" missing-branches="637,659"/>
						<line number="637" hits="0" branch="true" condition-coverage="0% (0/2)" missing-branches="638,640"/>
						<line number="638" hits="0"/>
						<line number="640" hits="0" branch="true" condition-coverage="0% (0/2)" missing-branches="641,643"/>
						<line number="641" hits="0"/>
						<line number="643" hits="0"/>
						<line number="645" hits="0" branch="true" condition-coverage="0% (0/2)" missing-branches="646,656"/>
						<line number="646" hits="0" branch="true" condition-coverage="0% (0/2)" missing-branches="exit,654"/>
						<line number="654" hits="0"/>
						<line number="656" hits="0"/>
						<line number="658" hits="0"/>
						<line number="659" hits="0"/>
						<line number="661" hits="1"/>
						<line number="664" hits="0"/>
						<line number="665" hits="0" branch="true" condition-coverage="0% (0/2)" missing-branches="666,667"/>
						<line number="666" hits="0"/>
						<line number="667" hits="0"/>
						<line number="668" hits="0"/>
						<line number="669" hits="0" branch="true" condition-coverage="0% (0/2)" missing-branches="670,671"/>
						<line number="670" hits="0"/>
						<line number="671" hits="0"/>
						<line number="672" hits="0"/>
						<line number="673" hits="0" branch="true" condition-coverage="0% (0/2)" missing-branches="674,675"/>
						<line number="674" hits="0"/>
						<line number="675" hits="0"/>
						<line number="676" hits="0"/>
						<line number="677" hits="0"/>
						<line number="679" hits="1"/>
						<line number="680" hits="1"/>
						<line number="681" hits="0"/>
						<line number="684" hits="0"/>
						<line number="687" hits="0" branch="true" condition-coverage="0% (0/2)" missing-branches="688,711"/>
						<line number="688" hits="0" branch="true" condition-coverage="0% (0/2)" missing-branches="exit,693"/>
						<line number="693" hits="0"/>
						<line number="694" hits="0" branch="true" condition-coverage="0% (0/2)" missing-branches="695,696"/>
						<line number="695" hits="0"/>
						<line number="696" hits="0"/>
						<line number="697" hits="0"/>
						<line number="704" hits="0" branch="true" condition-coverage="0% (0/2)" missing-branches="705,706"/>
						<line number="705" hits="0"/>
						<line number="706" hits="0"/>
						<line number="707" hits="0"/>
						<line number="710" hits="0"/>
						<line number="711" hits="0"/>
						<line number="713" hits="1"/>
						<line number="724" hits="0" branch="true" condition-coverage="0% (0/2)" missing-branches="725,726"/>
						<line number="725" hits="0"/>
						<line number="726" hits="0" branch="true" condition-coverage="0% (0/2)" missing-branches="727,729"/>
						<line number="727" hits="0"/>
						<line number="729" hits="0" branch="true" condition-coverage="0% (0/2)" missing-branches="730,732"/>
						<line number="730" hits="0"/>
						<line number="732" hits="0"/>
						<line number="733" hits="0"/>
						<line number="734" hits="0" branch="true" condition-coverage="0% (0/2)" missing-branches="735,736"/>
						<line number="735" hits="0"/>
						<line number="736" hits="0"/>
						<line number="737" hits="0"/>
						<line number="739" hits="0"/>
						<line number="742" hits="0" branch="true" condition-coverage="0% (0/2)" missing-branches="743,745"/>
						<line number="743" hits="0"/>
						<line number="745" hits="0"/>
						<line number="746" hits="0"/>
						<line number="749" hits="0"/>
						<line number="751" hits="0"/>
						<line number="756" hits="0"/>
						<line number="758" hits="1"/>
						<line number="761" hits="0" branch="true" condition-coverage="0% (0/2)" missing-branches="762,764"/>
						<line number="762" hits="0"/>
						<line number="764" hits="0"/>
						<line number="767" hits="0" branch="true" condition-coverage="0% (0/2)" missing-branches="exit,770"/>
						<line number="770" hits="0"/>
						<line number="772" hits="1"/>
						<line number="775" hits="0" branch="true" condition-coverage="0% (0/2)" missing-branches="776,777"/>
						<line number="776" hits="0"/>
						<line number="777" hits="0"/>
						<line number="778" hits="0" branch="true" condition-coverage="0% (0/2)" missing-branches="779,799"/>
						<line number="779" hits="0"/>
						<line number="786" hits="0"/>
						<line number="787" hits="0"/>
						<line number="795" hits="0"/>
						<line number="796" hits="0"/>
						<line number="797" hits="0"/>
						<line number="798" hits="0"/>
						<line number="799" hits="0"/>
						<line number="801" hits="1"/>
						<line number="802" hits="1"/>
						<line number="810" hits="0" branch="true" condition-coverage="0% (0/2)" missing-branches="811,813"/>
						<line number="811" hits="0"/>
						<line number="813" hits="0" branch="true" condition-coverage="0% (0/2)" missing-branches="814,816"/>
						<line number="814" hits="0"/>
						<line number="816" hits="0"/>
						<line number="817" hits="0"/>
						<line number="819" hits="0"/>
						<line number="821" hits="0"/>
						<line number="822" hits="0"/>
						<line number="823" hits="0"/>
						<line number="824" hits="0"/>
						<line number="827" hits="0"/>
						<line number="828" hits="0"/>
						<line number="830" hits="1"/>
						<line number="842" hits="0" branch="true" condition-coverage="0% (0/2)" missing-branches="843,845"/>
						<line number="843" hits="0"/>
						<line number="845" hits="0" branch="true" condition-coverage="0% (0/2)" missing-branches="846,848"/>
						<line number="846" hits="0"/>
						<line number="848" hits="0"/>
						<line number="849" hits="0"/>
						<line number="850" hits="0"/>
						<line number="851" hits="0" branch="true" condition-coverage="0% (0/2)" missing-branches="852,856"/>
						<line number="852" hits="0"/>
						<line number="853" hits="0" branch="true" condition-coverage="0% (0/2)" missing-branches="851,854"/>
						<line number="854" hits="0"/>
						<line number="855" hits="0"/>
						<line number="856" hits="0"/>
						<line number="858" hits="1"/>
						<line number="864" hits="0"/>
						<line number="867" hits="0"/>
						<line number="869" hits="1"/>
						<line number="870" hits="1"/>
						<line number="878" hits="0"/>
						<line number="880" hits="0" branch="true" condition-coverage="0% (0/2)" missing-branches="881,883"/>
						<line number="881" hits="0"/>
						<line number="883" hits="0" branch="true" condition-coverage="0% (0/2)" missing-branches="884,886"/>
						<line number="884" hits="0"/>
						<line number="886" hits="0"/>
						<line number="887" hits="0"/>
						<line number="893" hits="0"/>
						<line number="899" hits="0"/>
						<line number="901" hits="1"/>
						<line number="904" hits="0"/>
						<line number="909" hits="0" branch="true" condition-coverage="0% (0/2)" missing-branches="910,911"/>
						<line number="910" hits="0"/>
						<line number="911" hits="0"/>
						<line number="913" hits="1"/>
						<line number="915" hits="0" branch="true" condition-coverage="0% (0/2)" missing-branches="916,917"/>
						<line number="916" hits="0"/>
						<line number="917" hits="0"/>
						<line number="918" hits="0" branch="true" condition-coverage="0% (0/2)" missing-branches="919,920"/>
						<line number="919" hits="0"/>
						<line number="920" hits="0"/>
						<line number="922" hits="1"/>
						<line number="934" hits="0" branch="true" condition-coverage="0% (0/2)" missing-branches="935,936"/>
						<line number="935" hits="0"/>
						<line number="936" hits="0" branch="true" condition-coverage="0% (0/2)" missing-branches="937,938"/>
						<line number="937" hits="0"/>
						<line number="938" hits="0" branch="true" condition-coverage="0% (0/2)" missing-branches="939,940"/>
						<line number="939" hits="0"/>
						<line number="940" hits="0" branch="true" condition-coverage="0% (0/2)" missing-branches="941,943"/>
						<line number="941" hits="0"/>
						<line number="943" hits="0"/>
						<line number="944" hits="0" branch="true" condition-coverage="0% (0/2)" missing-branches="945,957"/>
						<line number="945" hits="0" branch="true" condition-coverage="0% (0/2)" missing-branches="946,947"/>
						<line number="946" hits="0"/>
						<line number="947" hits="0" branch="true" condition-coverage="0% (0/2)" missing-branches="948,955"/>
						<line number="948" hits="0"/>
						<line number="955" hits="0"/>
						<line number="957" hits="0"/>
						<line number="958" hits="0"/>
						<line number="959" hits="0" branch="true" condition-coverage="0% (0/2)" missing-branches="exit,963"/>
						<line number="963" hits="0"/>
						<line number="964" hits="0" branch="true" condition-coverage="0% (0/2)" missing-branches="969,971"/>
						<line number="969" hits="0"/>
						<line number="971" hits="0"/>
						<line number="972" hits="0" branch="true" condition-coverage="0% (0/2)" missing-branches="973,974"/>
						<line number="973" hits="0"/>
						<line number="974" hits="0" branch="true" condition-coverage="0% (0/2)" missing-branches="975,982"/>
						<line number="975" hits="0"/>
						<line number="982" hits="0"/>
						<line number="983" hits="0"/>
						<line number="987" hits="1"/>
						<line number="988" hits="1"/>
						<line number="991" hits="0"/>
						<line number="993" hits="0"/>
						<line number="994" hits="0"/>
						<line number="995" hits="0"/>
						<line number="996" hits="0"/>
						<line number="998" hits="0" branch="true" condition-coverage="0% (0/2)" missing-branches="999,1000"/>
						<line number="999" hits="0"/>
						<line number="1000" hits="0"/>
						<line number="1002" hits="1"/>
						<line number="1003" hits="1"/>
						<line number="1018" hits="0" branch="true" condition-coverage="0% (0/2)" missing-branches="1019,1021"/>
						<line number="1019" hits="0"/>
						<line number="1021" hits="0"/>
						<line number="1023" hits="0" branch="true" condition-coverage="0% (0/2)" missing-branches="1024,1033"/>
						<line number="1024" hits="0" branch="true" condition-coverage="0% (0/2)" missing-branches="1023,1025"/>
						<line number="1025" hits="0"/>
						<line number="1029" hits="0" branch="true" condition-coverage="0% (0/2)" missing-branches="1024,1030"/>
						<line number="1030" hits="0"/>
						<line number="1031" hits="0"/>
						<line number="1033" hits="0"/>
						<line number="1035" hits="1"/>
						<line number="1036" hits="1"/>
						<line number="1043" hits="0" branch="true" condition-coverage="0% (0/2)" missing-branches="1044,1046"/>
						<line number="1044" hits="0"/>
						<line number="1046" hits="0"/>
						<line number="1047" hits="0"/>
						<line number="1049" hits="1"/>
						<line number="1050" hits="1"/>
						<line number="1056" hits="0" branch="true" condition-coverage="0% (0/2)" missing-branches="1057,1059"/>
						<line number="1057" hits="0"/>
						<line number="1059" hits="0" branch="true" condition-coverage="0% (0/2)" missing-branches="1060,1062"/>
						<line number="1060" hits="0"/>
						<line number="1062" hits="0"/>
						<line number="1064" hits="0" branch="true" condition-coverage="0% (0/2)" missing-branches="1065,1067"/>
						<line number="1065" hits="0"/>
						<line number="1067" hits="0" branch="true" condition-coverage="0% (0/2)" missing-branches="exit,1071"/>
						<line number="1071" hits="0"/>
						<line number="1073" hits="0" branch="true" condition-coverage="0% (0/2)" missing-branches="1074,1076"/>
						<line number="1074" hits="0"/>
						<line number="1076" hits="0"/>
						<line number="1078" hits="0"/>
						<line number="1080" hits="0" branch="true" condition-coverage="0% (0/2)" missing-branches="1081,1090"/>
						<line number="1081" hits="0" branch="true" condition-coverage="0% (0/2)" missing-branches="1080,1082"/>
						<line number="1082" hits="0"/>
						<line number="1090" hits="0"/>
						<line number="1092" hits="1"/>
						<line number="1096" hits="0" branch="true" condition-coverage="0% (0/2)" missing-branches="1097,1098"/>
						<line number="1097" hits="0"/>
						<line number="1098" hits="0" branch="true" condition-coverage="0% (0/2)" missing-branches="1099,1100"/>
						<line number="1099" hits="0"/>
						<line number="1100" hits="0"/>
						<line number="1101" hits="0"/>
						<line number="1102" hits="0"/>
						<line number="1103" hits="0" branch="true" condition-coverage="0% (0/2)" missing-branches="1104,1120"/>
						<line number="1104" hits="0" branch="true" condition-coverage="0% (0/2)" missing-branches="exit,1111"/>
						<line number="1111" hits="0"/>
						<line number="1112" hits="0"/>
						<line number="1117" hits="0" branch="true" condition-coverage="0% (0/2)" missing-branches="1103,1118"/>
						<line number="1118" hits="0"/>
						<line number="1119" hits="0"/>
						<line number="1120" hits="0" branch="true" condition-coverage="0% (0/2)" missing-branches="1121,1122"/>
						<line number="1121" hits="0"/>
						<line number="1122" hits="0"/>
						<line number="1124" hits="1"/>
						<line number="1125" hits="1"/>
						<line number="1129" hits="0" branch="true" condition-coverage="0% (0/2)" missing-branches="1130,1132"/>
						<line number="1130" hits="0"/>
						<line number="1132" hits="0"/>
						<line number="1136" hits="0"/>
						<line number="1142" hits="0" branch="true" condition-coverage="0% (0/2)" missing-branches="1143,1144"/>
						<line number="1143" hits="0"/>
						<line number="1144" hits="0"/>
						<line number="1146" hits="1"/>
						<line number="1148" hits="0" branch="true" condition-coverage="0% (0/2)" missing-branches="1149,1151"/>
						<line number="1149" hits="0"/>
						<line number="1151" hits="0" branch="true" condition-coverage="0% (0/2)" missing-branches="1152,1156"/>
						<line number="1152" hits="0"/>
						<line number="1156" hits="0"/>
						<line number="1157" hits="0" branch="true" condition-coverage="0% (0/2)" missing-branches="1158,1178"/>
						<line number="1158" hits="0" branch="true" condition-coverage="0% (0/2)" missing-branches="1160,1173"/>
						<line number="1160" hits="0" branch="true" condition-coverage="0% (0/2)" missing-branches="1161,1165"/>
						<line number="1161" hits="0" branch="true" condition-coverage="0% (0/2)" missing-branches="1162,1168"/>
						<line number="1162" hits="0"/>
						<line number="1163" hits="0"/>
						<line number="1165" hits="0" branch="true" condition-coverage="0% (0/2)" missing-branches="1166,1168"/>
						<line number="1166" hits="0"/>
						<line number="1167" hits="0"/>
						<line number="1168" hits="0"/>
						<line number="1173" hits="0"/>
						<line number="1174" hits="0"/>
						<line number="1175" hits="0"/>
						<line number="1178" hits="0"/>
						<line number="1179" hits="0" branch="true" condition-coverage="0% (0/2)" missing-branches="1180,1181"/>
						<line number="1180" hits="0"/>
						<line number="1181" hits="0"/>
						<line number="1183" hits="1"/>
						<line number="1184" hits="1"/>
						<line number="1202" hits="0" branch="true" condition-coverage="0% (0/2)" missing-branches="1203,1204"/>
						<line number="1203" hits="0"/>
						<line number="1204" hits="0" branch="true" condition-coverage="0% (0/2)" missing-branches="1205,1206"/>
						<line number="1205" hits="0"/>
[...]
						<line number="760" hits="0"/>
						<line number="763" hits="0" branch="true" condition-coverage="0% (0/2)" missing-branches="764,766"/>
						<line number="764" hits="0"/>
						<line number="766" hits="0" branch="true" condition-coverage="0% (0/2)" missing-branches="767,768"/>
						<line number="767" hits="0"/>
						<line number="768" hits="0" branch="true" condition-coverage="0% (0/2)" missing-branches="769,771"/>
						<line number="769" hits="0"/>
						<line number="771" hits="0"/>
						<line number="774" hits="0"/>
						<line number="775" hits="0"/>
						<line number="776" hits="0"/>
						<line number="778" hits="1"/>
						<line number="779" hits="1"/>
						<line number="783" hits="0" branch="true" condition-coverage="0% (0/2)" missing-branches="784,795"/>
						<line number="784" hits="0"/>
						<line number="785" hits="0"/>
						<line number="786" hits="0"/>
						<line number="787" hits="0"/>
						<line number="795" hits="0"/>
						<line number="798" hits="0"/>
						<line number="799" hits="0"/>
						<line number="800" hits="0" branch="true" condition-coverage="0% (0/2)" missing-branches="803,804"/>
						<line number="803" hits="0"/>
						<line number="804" hits="0"/>
						<line number="806" hits="1"/>
						<line number="810" hits="0"/>
						<line number="811" hits="0"/>
						<line number="813" hits="0" branch="true" condition-coverage="0% (0/2)" missing-branches="exit,814"/>
						<line number="814" hits="0" branch="true" condition-coverage="0% (0/2)" missing-branches="exit,816"/>
						<line number="816" hits="0"/>
						<line number="817" hits="0"/>
						<line number="819" hits="0"/>
						<line number="820" hits="0"/>
						<line number="822" hits="0"/>
						<line number="824" hits="0" branch="true" condition-coverage="0% (0/2)" missing-branches="825,827"/>
						<line number="825" hits="0"/>
						<line number="827" hits="0" branch="true" condition-coverage="0% (0/2)" missing-branches="828,877"/>
						<line number="828" hits="0"/>
						<line number="829" hits="0"/>
						<line number="831" hits="0" branch="true" condition-coverage="0% (0/2)" missing-branches="832,834"/>
						<line number="832" hits="0"/>
						<line number="834" hits="0"/>
						<line number="837" hits="0"/>
						<line number="839" hits="0" branch="true" condition-coverage="0% (0/2)" missing-branches="exit,842"/>
						<line number="842" hits="0" branch="true" condition-coverage="0% (0/2)" missing-branches="exit,852"/>
						<line number="852" hits="0" branch="true" condition-coverage="0% (0/2)" missing-branches="853,855"/>
						<line number="853" hits="0"/>
						<line number="855" hits="0" branch="true" condition-coverage="0% (0/2)" missing-branches="856,865"/>
						<line number="856" hits="0"/>
						<line number="857" hits="0" branch="true" condition-coverage="0% (0/2)" missing-branches="858,859"/>
						<line number="858" hits="0"/>
						<line number="859" hits="0"/>
						<line number="865" hits="0" branch="true" condition-coverage="0% (0/2)" missing-branches="866,868"/>
						<line number="866" hits="0"/>
						<line number="868" hits="0"/>
						<line number="869" hits="0"/>
						<line number="870" hits="0"/>
						<line number="871" hits="0" branch="true" condition-coverage="0% (0/2)" missing-branches="872,873"/>
						<line number="872" hits="0"/>
						<line number="873" hits="0"/>
						<line number="874" hits="0"/>
						<line number="875" hits="0"/>
						<line number="876" hits="0"/>
						<line number="877" hits="0"/>
						<line number="879" hits="1"/>
						<line number="884" hits="0"/>
						<line number="887" hits="0"/>
						<line number="889" hits="0"/>
						<line number="891" hits="1"/>
						<line number="899" hits="0"/>
						<line number="903" hits="0" branch="true" condition-coverage="0% (0/2)" missing-branches="904,906"/>
						<line number="904" hits="0"/>
						<line number="906" hits="0" branch="true" condition-coverage="0% (0/2)" missing-branches="907,910"/>
						<line number="907" hits="0"/>
						<line number="910" hits="0"/>
						<line number="916" hits="0" branch="true" condition-coverage="0% (0/2)" missing-branches="917,918"/>
						<line number="917" hits="0"/>
						<line number="918" hits="0"/>
						<line number="920" hits="1"/>
						<line number="924" hits="0"/>
						<line number="928" hits="0"/>
						<line number="929" hits="0" branch="true" condition-coverage="0% (0/2)" missing-branches="930,933"/>
						<line number="930" hits="0"/>
						<line number="931" hits="0"/>
						<line number="933" hits="0"/>
						<line number="934" hits="0"/>
						<line number="935" hits="0" branch="true" condition-coverage="0% (0/2)" missing-branches="exit,941"/>
						<line number="938" hits="0"/>
						<line number="939" hits="0"/>
						<line number="941" hits="0"/>
						<line number="944" hits="0"/>
						<line number="945" hits="0" branch="true" condition-coverage="0% (0/2)" missing-branches="946,948"/>
						<line number="946" hits="0"/>
						<line number="948" hits="0"/>
						<line number="949" hits="0"/>
						<line number="950" hits="0"/>
						<line number="952" hits="1"/>
						<line number="955" hits="0"/>
						<line number="956" hits="0"/>
						<line number="962" hits="0"/>
						<line number="963" hits="0"/>
						<line number="964" hits="0"/>
						<line number="965" hits="0"/>
						<line number="967" hits="0"/>
						<line number="972" hits="0"/>
						<line number="974" hits="1"/>
						<line number="980" hits="0"/>
						<line number="981" hits="0"/>
						<line number="982" hits="0" branch="true" condition-coverage="0% (0/2)" missing-branches="983,984"/>
						<line number="983" hits="0"/>
						<line number="984" hits="0"/>
						<line number="998" hits="0" branch="true" condition-coverage="0% (0/2)" missing-branches="999,1000"/>
						<line number="999" hits="0"/>
						<line number="1000" hits="0"/>
						<line number="1002" hits="1"/>
						<line number="1006" hits="0"/>
						<line number="1009" hits="0" branch="true" condition-coverage="0% (0/2)" missing-branches="1010,1011"/>
						<line number="1010" hits="0"/>
						<line number="1011" hits="0" branch="true" condition-coverage="0% (0/2)" missing-branches="1012,1013"/>
						<line number="1012" hits="0"/>
						<line number="1013" hits="0"/>
						<line number="1014" hits="0"/>
						<line number="1015" hits="0"/>
						<line number="1017" hits="1"/>
						<line number="1027" hits="0"/>
						<line number="1028" hits="0" branch="true" condition-coverage="0% (0/2)" missing-branches="1029,1030"/>
						<line number="1029" hits="0"/>
						<line number="1030" hits="0"/>
						<line number="1031" hits="0"/>
						<line number="1032" hits="0"/>
						<line number="1040" hits="0"/>
					</lines>
				</class>
			</classes>
		</package>
		<package name=".mnt.third-party-addons.product_configurator_mrp" line-rate="1" branch-rate="1" complexity="0">
			<classes>
				<class name="__init__.py" filename="/mnt/third-party-addons/product_configurator_mrp/__init__.py" complexity="0" line-rate="1" branch-rate="1">
					<methods/>
					<lines>
						<line number="4" hits="1"/>
						<line number="5" hits="1"/>
					</lines>
				</class>
			</classes>
		</package>
		<package name=".mnt.third-party-addons.product_configurator_mrp.models" line-rate="0.32" branch-rate="0" complexity="0">
			<classes>
				<class name="__init__.py" filename="/mnt/third-party-addons/product_configurator_mrp/models/__init__.py" complexity="0" line-rate="1" branch-rate="1">
					<methods/>
					<lines>
						<line number="4" hits="1"/>
						<line number="5" hits="1"/>
					</lines>
				</class>
				<class name="mrp.py" filename="/mnt/third-party-addons/product_configurator_mrp/models/mrp.py" complexity="0" line-rate="0.7812" branch-rate="1">
					<methods/>
					<lines>
						<line number="4" hits="1"/>
						<line number="7" hits="1"/>
						<line number="8" hits="1"/>
						<line number="10" hits="1"/>
						<line number="16" hits="1"/>
						<line number="19" hits="1"/>
						<line number="26" hits="1"/>
						<line number="28" hits="0"/>
						<line number="29" hits="0"/>
						<line number="35" hits="0"/>
						<line number="37" hits="1"/>
						<line number="41" hits="0"/>
						<line number="42" hits="0"/>
						<line number="43" hits="0"/>
						<line number="44" hits="0"/>
						<line number="49" hits="1"/>
						<line number="50" hits="1"/>
						<line number="52" hits="1"/>
						<line number="60" hits="1"/>
						<line number="61" hits="1"/>
						<line number="63" hits="1"/>
						<line number="69" hits="1"/>
						<line number="70" hits="1"/>
						<line number="71" hits="1"/>
						<line number="73" hits="1"/>
						<line number="74" hits="1"/>
						<line number="79" hits="1"/>
						<line number="87" hits="1"/>
						<line number="88" hits="1"/>
						<line number="89" hits="1"/>
						<line number="91" hits="1"/>
						<line number="96" hits="1"/>
					</lines>
				</class>
				<class name="product_config.py" filename="/mnt/third-party-addons/product_configurator_mrp/models/product_config.py" complexity="0" line-rate="0.07576" branch-rate="0">
					<methods/>
					<lines>
						<line number="4" hits="1"/>
						<line number="7" hits="1"/>
						<line number="8" hits="1"/>
						<line number="10" hits="1"/>
						<line number="15" hits="0"/>
						<line number="16" hits="0" branch="true" condition-coverage="0% (0/2)" missing-branches="17,18"/>
						<line number="17" hits="0"/>
						<line number="18" hits="0"/>
						<line number="20" hits="0" branch="true" condition-coverage="0% (0/2)" missing-branches="21,22"/>
						<line number="21" hits="0"/>
						<line number="22" hits="0" branch="true" condition-coverage="0% (0/2)" missing-branches="23,25"/>
						<line number="23" hits="0"/>
						<line number="25" hits="0"/>
						<line number="26" hits="0"/>
						<line number="27" hits="0"/>
						<line number="30" hits="0"/>
						<line number="33" hits="0"/>
						<line number="39" hits="0" branch="true" condition-coverage="0% (0/2)" missing-branches="40,42"/>
						<line number="40" hits="0"/>
						<line number="42" hits="0"/>
						<line number="50" hits="0"/>
						<line number="51" hits="0" branch="true" condition-coverage="0% (0/2)" missing-branches="54,67"/>
						<line number="54" hits="0" branch="true" condition-coverage="0% (0/2)" missing-branches="55,106"/>
						<line number="55" hits="0"/>
						<line number="56" hits="0"/>
						<line number="57" hits="0"/>
						<line number="60" hits="0"/>
						<line number="61" hits="0"/>
						<line number="62" hits="0"/>
						<line number="63" hits="0"/>
						<line number="67" hits="0" branch="true" condition-coverage="0% (0/2)" missing-branches="68,106"/>
						<line number="68" hits="0" branch="true" condition-coverage="0% (0/2)" missing-branches="69,92"/>
						<line number="69" hits="0" branch="true" condition-coverage="0% (0/2)" missing-branches="67,71"/>
						<line number="71" hits="0" branch="true" condition-coverage="0% (0/2)" missing-branches="69,72"/>
						<line number="72" hits="0" branch="true" condition-coverage="0% (0/2)" missing-branches="69,73"/>
						<line number="73" hits="0"/>
						<line number="77" hits="0"/>
						<line number="80" hits="0"/>
						<line number="85" hits="0"/>
						<line number="86" hits="0"/>
						<line number="89" hits="0"/>
						<line number="90" hits="0"/>
						<line number="92" hits="0"/>
						<line number="96" hits="0"/>
						<line number="97" hits="0"/>
						<line number="100" hits="0"/>
						<line number="101" hits="0"/>
						<line number="104" hits="0"/>
						<line number="105" hits="0"/>
						<line number="106" hits="0" branch="true" condition-coverage="0% (0/2)" missing-branches="107,126"/>
						<line number="107" hits="0"/>
						<line number="112" hits="0"/>
						<line number="113" hits="0"/>
						<line number="118" hits="0"/>
						<line number="119" hits="0"/>
						<line number="120" hits="0"/>
						<line number="121" hits="0"/>
						<line number="122" hits="0" branch="true" condition-coverage="0% (0/2)" missing-branches="123,125"/>
						<line number="123" hits="0" branch="true" condition-coverage="0% (0/2)" missing-branches="124,125"/>
						<line number="124" hits="0"/>
						<line number="125" hits="0"/>
						<line number="126" hits="0"/>
						<line number="128" hits="1"/>
						<line number="129" hits="0"/>
						<line number="132" hits="0"/>
						<line number="133" hits="0"/>
					</lines>
				</class>
			</classes>
		</package>
		<package name=".mnt.third-party-addons.product_configurator_mrp.wizard" line-rate="0.24" branch-rate="0" complexity="0">
			<classes>
				<class name="__init__.py" filename="/mnt/third-party-addons/product_configurator_mrp/wizard/__init__.py" complexity="0" line-rate="1" branch-rate="1">
					<methods/>
					<lines>
						<line number="4" hits="1"/>
					</lines>
				</class>
				<class name="product_configurator_mrp.py" filename="/mnt/third-party-addons/product_configurator_mrp/wizard/product_configurator_mrp.py" complexity="0" line-rate="0.2245" branch-rate="0">
					<methods/>
					<lines>
						<line number="4" hits="1"/>
						<line number="5" hits="1"/>
						<line number="6" hits="1"/>
						<line number="9" hits="1"/>
						<line number="10" hits="1"/>
						<line number="11" hits="1"/>
						<line number="12" hits="1"/>
						<line number="14" hits="1"/>
						<line number="18" hits="1"/>
						<line number="19" hits="0"/>
						<line number="20" hits="0" branch="true" condition-coverage="0% (0/2)" missing-branches="21,34"/>
						<line number="21" hits="0"/>
						<line number="22" hits="0"/>
						<line number="25" hits="0"/>
						<line number="26" hits="0"/>
						<line number="34" hits="0"/>
						<line number="42" hits="0"/>
						<line number="44" hits="1"/>
						<line number="47" hits="0"/>
						<line number="48" hits="0"/>
						<line number="53" hits="0"/>
						<line number="55" hits="1"/>
						<line number="57" hits="0"/>
						<line number="58" hits="0" branch="true" condition-coverage="0% (0/2)" missing-branches="59,60"/>
						<line number="59" hits="0"/>
						<line number="60" hits="0"/>
						<line number="61" hits="0"/>
						<line number="63" hits="0"/>
						<line number="64" hits="0"/>
						<line number="65" hits="0"/>
						<line number="66" hits="0"/>
						<line number="67" hits="0"/>
						<line number="68" hits="0"/>
						<line number="69" hits="0"/>
						<line number="70" hits="0" branch="true" condition-coverage="0% (0/2)" missing-branches="71,79"/>
						<line number="71" hits="0"/>
						<line number="79" hits="0" branch="true" condition-coverage="0% (0/2)" missing-branches="80,83"/>
						<line number="80" hits="0"/>
						<line number="81" hits="0"/>
						<line number="83" hits="0"/>
						<line number="84" hits="0"/>
						<line number="85" hits="0"/>
						<line number="86" hits="0"/>
						<line number="87" hits="0"/>
						<line number="88" hits="0"/>
						<line number="89" hits="0"/>
						<line number="90" hits="0"/>
						<line number="91" hits="0"/>
						<line number="92" hits="0"/>
					</lines>
				</class>
			</classes>
		</package>
		<package name=".mnt.third-party-addons.product_configurator_mrp_component" line-rate="1" branch-rate="1" complexity="0">
			<classes>
				<class name="__init__.py" filename="/mnt/third-party-addons/product_configurator_mrp_component/__init__.py" complexity="0" line-rate="1" branch-rate="1">
					<methods/>
					<lines>
						<line number="1" hits="1"/>
					</lines>
				</class>
			</classes>
		</package>
		<package name=".mnt.third-party-addons.product_configurator_mrp_component.models" line-rate="0.4627" branch-rate="0.1" complexity="0">
			<classes>
				<class name="__init__.py" filename="/mnt/third-party-addons/product_configurator_mrp_component/models/__init__.py" complexity="0" line-rate="1" branch-rate="1">
					<methods/>
					<lines>
						<line number="1" hits="1"/>
						<line number="2" hits="1"/>
						<line number="3" hits="1"/>
					</lines>
				</class>
				<class name="mrp_bom.py" filename="/mnt/third-party-addons/product_configurator_mrp_component/models/mrp_bom.py" complexity="0" line-rate="0.5417" branch-rate="0.1667">
					<methods/>
					<lines>
						<line number="4" hits="1"/>
						<line number="7" hits="1"/>
						<line number="8" hits="1"/>
						<line number="10" hits="1"/>
						<line number="13" hits="1"/>
						<line number="19" hits="1"/>
						<line number="20" hits="1"/>
						<line number="22" hits="1" branch="true" condition-coverage="100% (2/2)"/>
						<line number="23" hits="1" branch="true" condition-coverage="50% (1/2)" missing-branches="24"/>
						<line number="24" hits="0"/>
						<line number="25" hits="0"/>
						<line number="36" hits="0" branch="true" condition-coverage="0% (0/2)" missing-branches="22,37"/>
						<line number="37" hits="0"/>
						<line number="38" hits="0"/>
						<line number="42" hits="0" branch="true" condition-coverage="0% (0/3)" missing-branches="exit,36,43"/>
						<line number="43" hits="0" branch="true" condition-coverage="0% (0/2)" missing-branches="36,44"/>
						<line number="44" hits="0" branch="true" condition-coverage="0% (0/2)" missing-branches="exit,49"/>
						<line number="49" hits="0" branch="true" condition-coverage="0% (0/2)" missing-branches="exit,55"/>
						<line number="55" hits="0" branch="true" condition-coverage="0% (0/3)" missing-branches="exit,43,56"/>
						<line number="56" hits="0"/>
						<line number="59" hits="1"/>
						<line number="60" hits="1"/>
						<line number="62" hits="1"/>
						<line number="63" hits="1"/>
					</lines>
				</class>
				<class name="mrp_bom_line_config.py" filename="/mnt/third-party-addons/product_configurator_mrp_component/models/mrp_bom_line_config.py" complexity="0" line-rate="1" branch-rate="1">
					<methods/>
					<lines>
						<line number="4" hits="1"/>
						<line number="7" hits="1"/>
						<line number="8" hits="1"/>
						<line number="9" hits="1"/>
						<line number="11" hits="1"/>
						<line number="12" hits="1"/>
						<line number="14" hits="1"/>
						<line number="19" hits="1"/>
						<line number="24" hits="1"/>
						<line number="29" hits="1"/>
						<line number="35" hits="1"/>
					</lines>
				</class>
				<class name="product_config.py" filename="/mnt/third-party-addons/product_configurator_mrp_component/models/product_config.py" complexity="0" line-rate="0.1379" branch-rate="0">
					<methods/>
					<lines>
						<line number="4" hits="1"/>
						<line number="7" hits="1"/>
						<line number="8" hits="1"/>
						<line number="10" hits="1"/>
						<line number="11" hits="0"/>
						<line number="19" hits="0"/>
						<line number="20" hits="0"/>
						<line number="23" hits="0" branch="true" condition-coverage="0% (0/2)" missing-branches="24,84"/>
						<line number="24" hits="0"/>
						<line number="27" hits="0"/>
						<line number="30" hits="0"/>
						<line number="31" hits="0" branch="true" condition-coverage="0% (0/2)" missing-branches="32,35"/>
						<line number="32" hits="0"/>
						<line number="33" hits="0" branch="true" condition-coverage="0% (0/2)" missing-branches="31,34"/>
						<line number="34" hits="0"/>
						<line number="35" hits="0" branch="true" condition-coverage="0% (0/2)" missing-branches="36,40"/>
						<line number="36" hits="0"/>
						<line number="40" hits="0"/>
						<line number="43" hits="0"/>
						<line number="44" hits="0"/>
						<line number="45" hits="0"/>
						<line number="48" hits="0"/>
						<line number="52" hits="0" branch="true" condition-coverage="0% (0/2)" missing-branches="53,67"/>
						<line number="53" hits="0"/>
						<line number="60" hits="0"/>
						<line number="67" hits="0"/>
						<line number="75" hits="0" branch="true" condition-coverage="0% (0/2)" missing-branches="23,76"/>
						<line number="76" hits="0"/>
						<line number="84" hits="0"/>
					</lines>
				</class>
			</classes>
		</package>
	</packages>
</coverage>
